[09:10:49:742] [INFO] - org.springframework.boot.StartupInfoLogger.logStarting(StartupInfoLogger.java:55) - Starting Springboot01Application on SteveKung-PC with PID 112744 (F:\java_workspace\springboot01\target\classes started by SteveKung in F:\java_workspace\springboot01)
[09:10:50:253] [INFO] - org.springframework.boot.SpringApplication.logStartupProfileInfo(SpringApplication.java:651) - No active profile set, falling back to default profiles: default
[09:10:58:042] [INFO] - org.springframework.data.repository.config.RepositoryConfigurationDelegate.multipleStoresDetected(RepositoryConfigurationDelegate.java:249) - Multiple Spring Data modules found, entering strict repository configuration mode!
[09:10:58:056] [INFO] - org.springframework.data.repository.config.RepositoryConfigurationDelegate.registerRepositoriesIn(RepositoryConfigurationDelegate.java:127) - Bootstrapping Spring Data JPA repositories in DEFAULT mode.
[09:10:58:723] [INFO] - org.springframework.data.repository.config.RepositoryConfigurationDelegate.registerRepositoriesIn(RepositoryConfigurationDelegate.java:187) - Finished Spring Data repository scanning in 585ms. Found 1 JPA repository interfaces.
[09:10:58:889] [INFO] - org.springframework.data.repository.config.RepositoryConfigurationDelegate.multipleStoresDetected(RepositoryConfigurationDelegate.java:249) - Multiple Spring Data modules found, entering strict repository configuration mode!
[09:10:58:905] [INFO] - org.springframework.data.repository.config.RepositoryConfigurationDelegate.registerRepositoriesIn(RepositoryConfigurationDelegate.java:127) - Bootstrapping Spring Data Redis repositories in DEFAULT mode.
[09:10:59:002] [INFO] - org.springframework.data.repository.config.RepositoryConfigurationExtensionSupport.isStrictRepositoryCandidate(RepositoryConfigurationExtensionSupport.java:348) - Spring Data Redis - Could not safely identify store assignment for repository candidate interface com.steve.springboot.repository.AyUserRepository. If you want this repository to be a Redis repository, consider annotating your entities with one of these annotations: org.springframework.data.redis.core.RedisHash (preferred), or consider extending one of the following types with your repository: org.springframework.data.keyvalue.repository.KeyValueRepository.
[09:10:59:003] [INFO] - org.springframework.data.repository.config.RepositoryConfigurationDelegate.registerRepositoriesIn(RepositoryConfigurationDelegate.java:187) - Finished Spring Data repository scanning in 18ms. Found 0 Redis repository interfaces.
[09:11:00:747] [INFO] - org.springframework.context.support.PostProcessorRegistrationDelegate$BeanPostProcessorChecker.postProcessAfterInitialization(PostProcessorRegistrationDelegate.java:330) - Bean 'org.springframework.transaction.annotation.ProxyTransactionManagementConfiguration' of type [org.springframework.transaction.annotation.ProxyTransactionManagementConfiguration] is not eligible for getting processed by all BeanPostProcessors (for example: not eligible for auto-proxying)
[09:11:02:327] [INFO] - org.springframework.boot.web.embedded.tomcat.TomcatWebServer.initialize(TomcatWebServer.java:92) - Tomcat initialized with port(s): 8080 (http)
[09:11:02:382] [INFO] - org.apache.juli.logging.DirectJDKLog.log(DirectJDKLog.java:173) - Initializing ProtocolHandler ["http-nio-8080"]
[09:11:02:385] [INFO] - org.apache.juli.logging.DirectJDKLog.log(DirectJDKLog.java:173) - Starting service [Tomcat]
[09:11:02:388] [INFO] - org.apache.juli.logging.DirectJDKLog.log(DirectJDKLog.java:173) - Starting Servlet engine: [Apache Tomcat/9.0.29]
[09:11:02:905] [INFO] - org.apache.juli.logging.DirectJDKLog.log(DirectJDKLog.java:173) - Initializing Spring embedded WebApplicationContext
[09:11:02:906] [INFO] - org.springframework.boot.web.servlet.context.ServletWebServerApplicationContext.prepareWebApplicationContext(ServletWebServerApplicationContext.java:284) - Root WebApplicationContext: initialization completed in 11722 ms
[09:11:05:962] [ERROR] - com.alibaba.druid.pool.DruidDataSource.validationQueryCheck(DruidDataSource.java:795) - testWhileIdle is true, validationQuery not set
[09:11:06:120] [INFO] - com.alibaba.druid.pool.DruidDataSource.init(DruidDataSource.java:655) - {dataSource-1} inited
[09:11:10:042] [INFO] - org.hibernate.jpa.internal.util.LogHelper.logPersistenceUnitInformation(LogHelper.java:31) - HHH000204: Processing PersistenceUnitInfo [name: default]
[09:11:10:791] [INFO] - org.hibernate.Version.logVersion(Version.java:46) - HHH000412: Hibernate Core {5.4.9.Final}
[09:11:11:920] [INFO] - org.hibernate.annotations.common.reflection.java.JavaReflectionManager.<clinit>(JavaReflectionManager.java:49) - HCANN000001: Hibernate Commons Annotations {5.1.0.Final}
[09:11:12:846] [INFO] - org.hibernate.dialect.Dialect.<init>(Dialect.java:172) - HHH000400: Using dialect: org.hibernate.dialect.MySQL8Dialect
[09:11:17:193] [INFO] - org.hibernate.engine.transaction.jta.platform.internal.JtaPlatformInitiator.initiateService(JtaPlatformInitiator.java:52) - HHH000490: Using JtaPlatform implementation: [org.hibernate.engine.transaction.jta.platform.internal.NoJtaPlatform]
[09:11:17:248] [INFO] - org.springframework.orm.jpa.AbstractEntityManagerFactoryBean.buildNativeEntityManagerFactory(AbstractEntityManagerFactoryBean.java:416) - Initialized JPA EntityManagerFactory for persistence unit 'default'
[09:11:19:060] [INFO] - com.steve.springboot.listener.AyUserListener.contextInitialized(AyUserListener.java:42) - ServletContext 上下文初始化
[09:11:20:982] [INFO] - io.lettuce.core.EpollProvider.<clinit>(EpollProvider.java:68) - Starting without optional epoll library
[09:11:20:998] [INFO] - io.lettuce.core.KqueueProvider.<clinit>(KqueueProvider.java:70) - Starting without optional kqueue library
[09:11:24:549] [INFO] - com.steve.springboot.listener.AyUserListener.contextInitialized(AyUserListener.java:53) - 缓存中目前的用户数有：4人
[09:11:24:550] [INFO] - com.steve.springboot.listener.AyUserListener.contextInitialized(AyUserListener.java:55) - 用于统计人数
[09:11:25:785] [INFO] - org.quartz.impl.StdSchedulerFactory.instantiate(StdSchedulerFactory.java:1220) - Using default implementation for ThreadExecutor
[09:11:25:862] [INFO] - org.quartz.core.SchedulerSignalerImpl.<init>(SchedulerSignalerImpl.java:61) - Initialized Scheduler Signaller of type: class org.quartz.core.SchedulerSignalerImpl
[09:11:25:863] [INFO] - org.quartz.core.QuartzScheduler.<init>(QuartzScheduler.java:229) - Quartz Scheduler v.2.3.2 created.
[09:11:25:867] [INFO] - org.quartz.simpl.RAMJobStore.initialize(RAMJobStore.java:155) - RAMJobStore initialized.
[09:11:25:870] [INFO] - org.quartz.core.QuartzScheduler.initialize(QuartzScheduler.java:294) - Scheduler meta-data: Quartz Scheduler (v2.3.2) 'scheduler' with instanceId 'NON_CLUSTERED'
  Scheduler class: 'org.quartz.core.QuartzScheduler' - running locally.
  NOT STARTED.
  Currently in standby mode.
  Number of jobs executed: 0
  Using thread pool 'org.quartz.simpl.SimpleThreadPool' - with 10 threads.
  Using job-store 'org.quartz.simpl.RAMJobStore' - which does not support persistence. and is not clustered.

[09:11:25:872] [INFO] - org.quartz.impl.StdSchedulerFactory.instantiate(StdSchedulerFactory.java:1374) - Quartz scheduler 'scheduler' initialized from an externally provided properties instance.
[09:11:25:873] [INFO] - org.quartz.impl.StdSchedulerFactory.instantiate(StdSchedulerFactory.java:1378) - Quartz scheduler version: 2.3.2
[09:11:25:883] [INFO] - org.quartz.core.QuartzScheduler.setJobFactory(QuartzScheduler.java:2293) - JobFactory set to: org.springframework.scheduling.quartz.AdaptableJobFactory@1db5de29
[09:11:26:136] [WARN] - org.springframework.boot.autoconfigure.orm.jpa.JpaBaseConfiguration$JpaWebConfiguration.openEntityManagerInViewInterceptor(JpaBaseConfiguration.java:220) - spring.jpa.open-in-view is enabled by default. Therefore, database queries may be performed during view rendering. Explicitly configure spring.jpa.open-in-view to disable this warning
[09:11:26:943] [INFO] - org.springframework.scheduling.concurrent.ExecutorConfigurationSupport.initialize(ExecutorConfigurationSupport.java:171) - Initializing ExecutorService 'applicationTaskExecutor'
[09:11:27:540] [WARN] - org.thymeleaf.templatemode.TemplateMode.parse(TemplateMode.java:150) - [THYMELEAF][main] Template Mode 'HTML5' is deprecated. Using Template Mode 'HTML' instead.
[09:11:28:268] [INFO] - org.springframework.scheduling.concurrent.ExecutorConfigurationSupport.initialize(ExecutorConfigurationSupport.java:171) - Initializing ExecutorService 'taskScheduler'
[09:11:28:383] [INFO] - org.springframework.scheduling.quartz.SchedulerFactoryBean.startScheduler(SchedulerFactoryBean.java:727) - Starting Quartz Scheduler now
[09:11:28:384] [INFO] - org.quartz.core.QuartzScheduler.start(QuartzScheduler.java:547) - Scheduler scheduler_$_NON_CLUSTERED started.
[09:11:28:462] [INFO] - org.apache.juli.logging.DirectJDKLog.log(DirectJDKLog.java:173) - Starting ProtocolHandler ["http-nio-8080"]
[09:11:28:553] [INFO] - org.springframework.boot.web.embedded.tomcat.TomcatWebServer.start(TomcatWebServer.java:204) - Tomcat started on port(s): 8080 (http) with context path ''
[09:11:28:560] [INFO] - org.springframework.boot.StartupInfoLogger.logStarted(StartupInfoLogger.java:61) - Started Springboot01Application in 44.905 seconds (JVM running for 63.003)
[09:11:30:112] [INFO] - com.steve.springboot.quartz.TestTask.run(TestTask.java:16) - 定时器运行了!!!
[09:11:32:351] [ERROR] - com.steve.springboot.mail.impl.SendJunkMailServiceImpl.sendJunkMail(SendJunkMailServiceImpl.java:55) - sendJunkMail error and ayUser=%s
org.springframework.mail.MailAuthenticationException: Authentication failed; nested exception is javax.mail.AuthenticationFailedException: 550 User has no permission

	at org.springframework.mail.javamail.JavaMailSenderImpl.doSend(JavaMailSenderImpl.java:440) ~[spring-context-support-5.2.2.RELEASE.jar:5.2.2.RELEASE]
	at org.springframework.mail.javamail.JavaMailSenderImpl.send(JavaMailSenderImpl.java:361) ~[spring-context-support-5.2.2.RELEASE.jar:5.2.2.RELEASE]
	at org.springframework.mail.javamail.JavaMailSenderImpl.send(JavaMailSenderImpl.java:356) ~[spring-context-support-5.2.2.RELEASE.jar:5.2.2.RELEASE]
	at com.steve.springboot.mail.impl.SendJunkMailServiceImpl.sendJunkMail(SendJunkMailServiceImpl.java:52) [classes/:?]
	at com.steve.springboot.quartz.SendMailQuartz.reportCurrentByCron(SendMailQuartz.java:46) [classes/:?]
	at jdk.internal.reflect.NativeMethodAccessorImpl.invoke0(Native Method) ~[?:?]
	at jdk.internal.reflect.NativeMethodAccessorImpl.invoke(NativeMethodAccessorImpl.java:62) ~[?:?]
	at jdk.internal.reflect.DelegatingMethodAccessorImpl.invoke(DelegatingMethodAccessorImpl.java:43) ~[?:?]
	at java.lang.reflect.Method.invoke(Method.java:566) ~[?:?]
	at org.springframework.scheduling.support.ScheduledMethodRunnable.run(ScheduledMethodRunnable.java:84) [spring-context-5.2.2.RELEASE.jar:5.2.2.RELEASE]
	at org.springframework.scheduling.support.DelegatingErrorHandlingRunnable.run(DelegatingErrorHandlingRunnable.java:54) [spring-context-5.2.2.RELEASE.jar:5.2.2.RELEASE]
	at org.springframework.scheduling.concurrent.ReschedulingRunnable.run(ReschedulingRunnable.java:93) [spring-context-5.2.2.RELEASE.jar:5.2.2.RELEASE]
	at java.util.concurrent.Executors$RunnableAdapter.call(Executors.java:515) [?:?]
	at java.util.concurrent.FutureTask.run(FutureTask.java:264) [?:?]
	at java.util.concurrent.ScheduledThreadPoolExecutor$ScheduledFutureTask.run(ScheduledThreadPoolExecutor.java:304) [?:?]
	at java.util.concurrent.ThreadPoolExecutor.runWorker(ThreadPoolExecutor.java:1128) [?:?]
	at java.util.concurrent.ThreadPoolExecutor$Worker.run(ThreadPoolExecutor.java:628) [?:?]
	at java.lang.Thread.run(Thread.java:834) [?:?]
Caused by: javax.mail.AuthenticationFailedException: 550 User has no permission

	at com.sun.mail.smtp.SMTPTransport$Authenticator.authenticate(SMTPTransport.java:947) ~[jakarta.mail-1.6.4.jar:1.6.4]
	at com.sun.mail.smtp.SMTPTransport.authenticate(SMTPTransport.java:858) ~[jakarta.mail-1.6.4.jar:1.6.4]
	at com.sun.mail.smtp.SMTPTransport.protocolConnect(SMTPTransport.java:762) ~[jakarta.mail-1.6.4.jar:1.6.4]
	at javax.mail.Service.connect(Service.java:342) ~[jakarta.mail-1.6.4.jar:1.6.4]
	at org.springframework.mail.javamail.JavaMailSenderImpl.connectTransport(JavaMailSenderImpl.java:518) ~[spring-context-support-5.2.2.RELEASE.jar:5.2.2.RELEASE]
	at org.springframework.mail.javamail.JavaMailSenderImpl.doSend(JavaMailSenderImpl.java:437) ~[spring-context-support-5.2.2.RELEASE.jar:5.2.2.RELEASE]
	... 17 more
[09:11:32:404] [INFO] - com.steve.springboot.quartz.SendMailQuartz.reportCurrentByCron(SendMailQuartz.java:47) - 定时器运行了!!!
[09:11:35:720] [ERROR] - com.steve.springboot.mail.impl.SendJunkMailServiceImpl.sendJunkMail(SendJunkMailServiceImpl.java:55) - sendJunkMail error and ayUser=%s
org.springframework.mail.MailAuthenticationException: Authentication failed; nested exception is javax.mail.AuthenticationFailedException: 550 User has no permission

	at org.springframework.mail.javamail.JavaMailSenderImpl.doSend(JavaMailSenderImpl.java:440) ~[spring-context-support-5.2.2.RELEASE.jar:5.2.2.RELEASE]
	at org.springframework.mail.javamail.JavaMailSenderImpl.send(JavaMailSenderImpl.java:361) ~[spring-context-support-5.2.2.RELEASE.jar:5.2.2.RELEASE]
	at org.springframework.mail.javamail.JavaMailSenderImpl.send(JavaMailSenderImpl.java:356) ~[spring-context-support-5.2.2.RELEASE.jar:5.2.2.RELEASE]
	at com.steve.springboot.mail.impl.SendJunkMailServiceImpl.sendJunkMail(SendJunkMailServiceImpl.java:52) [classes/:?]
	at com.steve.springboot.quartz.SendMailQuartz.reportCurrentByCron(SendMailQuartz.java:46) [classes/:?]
	at jdk.internal.reflect.NativeMethodAccessorImpl.invoke0(Native Method) ~[?:?]
	at jdk.internal.reflect.NativeMethodAccessorImpl.invoke(NativeMethodAccessorImpl.java:62) ~[?:?]
	at jdk.internal.reflect.DelegatingMethodAccessorImpl.invoke(DelegatingMethodAccessorImpl.java:43) ~[?:?]
	at java.lang.reflect.Method.invoke(Method.java:566) ~[?:?]
	at org.springframework.scheduling.support.ScheduledMethodRunnable.run(ScheduledMethodRunnable.java:84) [spring-context-5.2.2.RELEASE.jar:5.2.2.RELEASE]
	at org.springframework.scheduling.support.DelegatingErrorHandlingRunnable.run(DelegatingErrorHandlingRunnable.java:54) [spring-context-5.2.2.RELEASE.jar:5.2.2.RELEASE]
	at org.springframework.scheduling.concurrent.ReschedulingRunnable.run(ReschedulingRunnable.java:93) [spring-context-5.2.2.RELEASE.jar:5.2.2.RELEASE]
	at java.util.concurrent.Executors$RunnableAdapter.call(Executors.java:515) [?:?]
	at java.util.concurrent.FutureTask.run(FutureTask.java:264) [?:?]
	at java.util.concurrent.ScheduledThreadPoolExecutor$ScheduledFutureTask.run(ScheduledThreadPoolExecutor.java:304) [?:?]
	at java.util.concurrent.ThreadPoolExecutor.runWorker(ThreadPoolExecutor.java:1128) [?:?]
	at java.util.concurrent.ThreadPoolExecutor$Worker.run(ThreadPoolExecutor.java:628) [?:?]
	at java.lang.Thread.run(Thread.java:834) [?:?]
Caused by: javax.mail.AuthenticationFailedException: 550 User has no permission

	at com.sun.mail.smtp.SMTPTransport$Authenticator.authenticate(SMTPTransport.java:947) ~[jakarta.mail-1.6.4.jar:1.6.4]
	at com.sun.mail.smtp.SMTPTransport.authenticate(SMTPTransport.java:858) ~[jakarta.mail-1.6.4.jar:1.6.4]
	at com.sun.mail.smtp.SMTPTransport.protocolConnect(SMTPTransport.java:762) ~[jakarta.mail-1.6.4.jar:1.6.4]
	at javax.mail.Service.connect(Service.java:342) ~[jakarta.mail-1.6.4.jar:1.6.4]
	at org.springframework.mail.javamail.JavaMailSenderImpl.connectTransport(JavaMailSenderImpl.java:518) ~[spring-context-support-5.2.2.RELEASE.jar:5.2.2.RELEASE]
	at org.springframework.mail.javamail.JavaMailSenderImpl.doSend(JavaMailSenderImpl.java:437) ~[spring-context-support-5.2.2.RELEASE.jar:5.2.2.RELEASE]
	... 17 more
[09:11:35:722] [INFO] - com.steve.springboot.quartz.SendMailQuartz.reportCurrentByCron(SendMailQuartz.java:47) - 定时器运行了!!!
[09:11:40:032] [INFO] - com.steve.springboot.quartz.TestTask.run(TestTask.java:16) - 定时器运行了!!!
[09:11:40:913] [ERROR] - com.steve.springboot.mail.impl.SendJunkMailServiceImpl.sendJunkMail(SendJunkMailServiceImpl.java:55) - sendJunkMail error and ayUser=%s
org.springframework.mail.MailAuthenticationException: Authentication failed; nested exception is javax.mail.AuthenticationFailedException: 550 User has no permission

	at org.springframework.mail.javamail.JavaMailSenderImpl.doSend(JavaMailSenderImpl.java:440) ~[spring-context-support-5.2.2.RELEASE.jar:5.2.2.RELEASE]
	at org.springframework.mail.javamail.JavaMailSenderImpl.send(JavaMailSenderImpl.java:361) ~[spring-context-support-5.2.2.RELEASE.jar:5.2.2.RELEASE]
	at org.springframework.mail.javamail.JavaMailSenderImpl.send(JavaMailSenderImpl.java:356) ~[spring-context-support-5.2.2.RELEASE.jar:5.2.2.RELEASE]
	at com.steve.springboot.mail.impl.SendJunkMailServiceImpl.sendJunkMail(SendJunkMailServiceImpl.java:52) [classes/:?]
	at com.steve.springboot.quartz.SendMailQuartz.reportCurrentByCron(SendMailQuartz.java:46) [classes/:?]
	at jdk.internal.reflect.NativeMethodAccessorImpl.invoke0(Native Method) ~[?:?]
	at jdk.internal.reflect.NativeMethodAccessorImpl.invoke(NativeMethodAccessorImpl.java:62) ~[?:?]
	at jdk.internal.reflect.DelegatingMethodAccessorImpl.invoke(DelegatingMethodAccessorImpl.java:43) ~[?:?]
	at java.lang.reflect.Method.invoke(Method.java:566) ~[?:?]
	at org.springframework.scheduling.support.ScheduledMethodRunnable.run(ScheduledMethodRunnable.java:84) [spring-context-5.2.2.RELEASE.jar:5.2.2.RELEASE]
	at org.springframework.scheduling.support.DelegatingErrorHandlingRunnable.run(DelegatingErrorHandlingRunnable.java:54) [spring-context-5.2.2.RELEASE.jar:5.2.2.RELEASE]
	at org.springframework.scheduling.concurrent.ReschedulingRunnable.run(ReschedulingRunnable.java:93) [spring-context-5.2.2.RELEASE.jar:5.2.2.RELEASE]
	at java.util.concurrent.Executors$RunnableAdapter.call(Executors.java:515) [?:?]
	at java.util.concurrent.FutureTask.run(FutureTask.java:264) [?:?]
	at java.util.concurrent.ScheduledThreadPoolExecutor$ScheduledFutureTask.run(ScheduledThreadPoolExecutor.java:304) [?:?]
	at java.util.concurrent.ThreadPoolExecutor.runWorker(ThreadPoolExecutor.java:1128) [?:?]
	at java.util.concurrent.ThreadPoolExecutor$Worker.run(ThreadPoolExecutor.java:628) [?:?]
	at java.lang.Thread.run(Thread.java:834) [?:?]
Caused by: javax.mail.AuthenticationFailedException: 550 User has no permission

	at com.sun.mail.smtp.SMTPTransport$Authenticator.authenticate(SMTPTransport.java:947) ~[jakarta.mail-1.6.4.jar:1.6.4]
	at com.sun.mail.smtp.SMTPTransport.authenticate(SMTPTransport.java:858) ~[jakarta.mail-1.6.4.jar:1.6.4]
	at com.sun.mail.smtp.SMTPTransport.protocolConnect(SMTPTransport.java:762) ~[jakarta.mail-1.6.4.jar:1.6.4]
	at javax.mail.Service.connect(Service.java:342) ~[jakarta.mail-1.6.4.jar:1.6.4]
	at org.springframework.mail.javamail.JavaMailSenderImpl.connectTransport(JavaMailSenderImpl.java:518) ~[spring-context-support-5.2.2.RELEASE.jar:5.2.2.RELEASE]
	at org.springframework.mail.javamail.JavaMailSenderImpl.doSend(JavaMailSenderImpl.java:437) ~[spring-context-support-5.2.2.RELEASE.jar:5.2.2.RELEASE]
	... 17 more
[09:11:40:916] [INFO] - com.steve.springboot.quartz.SendMailQuartz.reportCurrentByCron(SendMailQuartz.java:47) - 定时器运行了!!!
[09:11:45:603] [ERROR] - com.steve.springboot.mail.impl.SendJunkMailServiceImpl.sendJunkMail(SendJunkMailServiceImpl.java:55) - sendJunkMail error and ayUser=%s
org.springframework.mail.MailAuthenticationException: Authentication failed; nested exception is javax.mail.AuthenticationFailedException: 550 User has no permission

	at org.springframework.mail.javamail.JavaMailSenderImpl.doSend(JavaMailSenderImpl.java:440) ~[spring-context-support-5.2.2.RELEASE.jar:5.2.2.RELEASE]
	at org.springframework.mail.javamail.JavaMailSenderImpl.send(JavaMailSenderImpl.java:361) ~[spring-context-support-5.2.2.RELEASE.jar:5.2.2.RELEASE]
	at org.springframework.mail.javamail.JavaMailSenderImpl.send(JavaMailSenderImpl.java:356) ~[spring-context-support-5.2.2.RELEASE.jar:5.2.2.RELEASE]
	at com.steve.springboot.mail.impl.SendJunkMailServiceImpl.sendJunkMail(SendJunkMailServiceImpl.java:52) [classes/:?]
	at com.steve.springboot.quartz.SendMailQuartz.reportCurrentByCron(SendMailQuartz.java:46) [classes/:?]
	at jdk.internal.reflect.NativeMethodAccessorImpl.invoke0(Native Method) ~[?:?]
	at jdk.internal.reflect.NativeMethodAccessorImpl.invoke(NativeMethodAccessorImpl.java:62) ~[?:?]
	at jdk.internal.reflect.DelegatingMethodAccessorImpl.invoke(DelegatingMethodAccessorImpl.java:43) ~[?:?]
	at java.lang.reflect.Method.invoke(Method.java:566) ~[?:?]
	at org.springframework.scheduling.support.ScheduledMethodRunnable.run(ScheduledMethodRunnable.java:84) [spring-context-5.2.2.RELEASE.jar:5.2.2.RELEASE]
	at org.springframework.scheduling.support.DelegatingErrorHandlingRunnable.run(DelegatingErrorHandlingRunnable.java:54) [spring-context-5.2.2.RELEASE.jar:5.2.2.RELEASE]
	at org.springframework.scheduling.concurrent.ReschedulingRunnable.run(ReschedulingRunnable.java:93) [spring-context-5.2.2.RELEASE.jar:5.2.2.RELEASE]
	at java.util.concurrent.Executors$RunnableAdapter.call(Executors.java:515) [?:?]
	at java.util.concurrent.FutureTask.run(FutureTask.java:264) [?:?]
	at java.util.concurrent.ScheduledThreadPoolExecutor$ScheduledFutureTask.run(ScheduledThreadPoolExecutor.java:304) [?:?]
	at java.util.concurrent.ThreadPoolExecutor.runWorker(ThreadPoolExecutor.java:1128) [?:?]
	at java.util.concurrent.ThreadPoolExecutor$Worker.run(ThreadPoolExecutor.java:628) [?:?]
	at java.lang.Thread.run(Thread.java:834) [?:?]
Caused by: javax.mail.AuthenticationFailedException: 550 User has no permission

	at com.sun.mail.smtp.SMTPTransport$Authenticator.authenticate(SMTPTransport.java:947) ~[jakarta.mail-1.6.4.jar:1.6.4]
	at com.sun.mail.smtp.SMTPTransport.authenticate(SMTPTransport.java:858) ~[jakarta.mail-1.6.4.jar:1.6.4]
	at com.sun.mail.smtp.SMTPTransport.protocolConnect(SMTPTransport.java:762) ~[jakarta.mail-1.6.4.jar:1.6.4]
	at javax.mail.Service.connect(Service.java:342) ~[jakarta.mail-1.6.4.jar:1.6.4]
	at org.springframework.mail.javamail.JavaMailSenderImpl.connectTransport(JavaMailSenderImpl.java:518) ~[spring-context-support-5.2.2.RELEASE.jar:5.2.2.RELEASE]
	at org.springframework.mail.javamail.JavaMailSenderImpl.doSend(JavaMailSenderImpl.java:437) ~[spring-context-support-5.2.2.RELEASE.jar:5.2.2.RELEASE]
	... 17 more
[09:11:45:606] [INFO] - com.steve.springboot.quartz.SendMailQuartz.reportCurrentByCron(SendMailQuartz.java:47) - 定时器运行了!!!
[09:11:50:035] [INFO] - com.steve.springboot.quartz.TestTask.run(TestTask.java:16) - 定时器运行了!!!
[09:11:50:791] [ERROR] - com.steve.springboot.mail.impl.SendJunkMailServiceImpl.sendJunkMail(SendJunkMailServiceImpl.java:55) - sendJunkMail error and ayUser=%s
org.springframework.mail.MailAuthenticationException: Authentication failed; nested exception is javax.mail.AuthenticationFailedException: 550 User has no permission

	at org.springframework.mail.javamail.JavaMailSenderImpl.doSend(JavaMailSenderImpl.java:440) ~[spring-context-support-5.2.2.RELEASE.jar:5.2.2.RELEASE]
	at org.springframework.mail.javamail.JavaMailSenderImpl.send(JavaMailSenderImpl.java:361) ~[spring-context-support-5.2.2.RELEASE.jar:5.2.2.RELEASE]
	at org.springframework.mail.javamail.JavaMailSenderImpl.send(JavaMailSenderImpl.java:356) ~[spring-context-support-5.2.2.RELEASE.jar:5.2.2.RELEASE]
	at com.steve.springboot.mail.impl.SendJunkMailServiceImpl.sendJunkMail(SendJunkMailServiceImpl.java:52) [classes/:?]
	at com.steve.springboot.quartz.SendMailQuartz.reportCurrentByCron(SendMailQuartz.java:46) [classes/:?]
	at jdk.internal.reflect.NativeMethodAccessorImpl.invoke0(Native Method) ~[?:?]
	at jdk.internal.reflect.NativeMethodAccessorImpl.invoke(NativeMethodAccessorImpl.java:62) ~[?:?]
	at jdk.internal.reflect.DelegatingMethodAccessorImpl.invoke(DelegatingMethodAccessorImpl.java:43) ~[?:?]
	at java.lang.reflect.Method.invoke(Method.java:566) ~[?:?]
	at org.springframework.scheduling.support.ScheduledMethodRunnable.run(ScheduledMethodRunnable.java:84) [spring-context-5.2.2.RELEASE.jar:5.2.2.RELEASE]
	at org.springframework.scheduling.support.DelegatingErrorHandlingRunnable.run(DelegatingErrorHandlingRunnable.java:54) [spring-context-5.2.2.RELEASE.jar:5.2.2.RELEASE]
	at org.springframework.scheduling.concurrent.ReschedulingRunnable.run(ReschedulingRunnable.java:93) [spring-context-5.2.2.RELEASE.jar:5.2.2.RELEASE]
	at java.util.concurrent.Executors$RunnableAdapter.call(Executors.java:515) [?:?]
	at java.util.concurrent.FutureTask.run(FutureTask.java:264) [?:?]
	at java.util.concurrent.ScheduledThreadPoolExecutor$ScheduledFutureTask.run(ScheduledThreadPoolExecutor.java:304) [?:?]
	at java.util.concurrent.ThreadPoolExecutor.runWorker(ThreadPoolExecutor.java:1128) [?:?]
	at java.util.concurrent.ThreadPoolExecutor$Worker.run(ThreadPoolExecutor.java:628) [?:?]
	at java.lang.Thread.run(Thread.java:834) [?:?]
Caused by: javax.mail.AuthenticationFailedException: 550 User has no permission

	at com.sun.mail.smtp.SMTPTransport$Authenticator.authenticate(SMTPTransport.java:947) ~[jakarta.mail-1.6.4.jar:1.6.4]
	at com.sun.mail.smtp.SMTPTransport.authenticate(SMTPTransport.java:858) ~[jakarta.mail-1.6.4.jar:1.6.4]
	at com.sun.mail.smtp.SMTPTransport.protocolConnect(SMTPTransport.java:762) ~[jakarta.mail-1.6.4.jar:1.6.4]
	at javax.mail.Service.connect(Service.java:342) ~[jakarta.mail-1.6.4.jar:1.6.4]
	at org.springframework.mail.javamail.JavaMailSenderImpl.connectTransport(JavaMailSenderImpl.java:518) ~[spring-context-support-5.2.2.RELEASE.jar:5.2.2.RELEASE]
	at org.springframework.mail.javamail.JavaMailSenderImpl.doSend(JavaMailSenderImpl.java:437) ~[spring-context-support-5.2.2.RELEASE.jar:5.2.2.RELEASE]
	... 17 more
[09:11:50:794] [INFO] - com.steve.springboot.quartz.SendMailQuartz.reportCurrentByCron(SendMailQuartz.java:47) - 定时器运行了!!!
[09:11:55:669] [ERROR] - com.steve.springboot.mail.impl.SendJunkMailServiceImpl.sendJunkMail(SendJunkMailServiceImpl.java:55) - sendJunkMail error and ayUser=%s
org.springframework.mail.MailAuthenticationException: Authentication failed; nested exception is javax.mail.AuthenticationFailedException: 550 User has no permission

	at org.springframework.mail.javamail.JavaMailSenderImpl.doSend(JavaMailSenderImpl.java:440) ~[spring-context-support-5.2.2.RELEASE.jar:5.2.2.RELEASE]
	at org.springframework.mail.javamail.JavaMailSenderImpl.send(JavaMailSenderImpl.java:361) ~[spring-context-support-5.2.2.RELEASE.jar:5.2.2.RELEASE]
	at org.springframework.mail.javamail.JavaMailSenderImpl.send(JavaMailSenderImpl.java:356) ~[spring-context-support-5.2.2.RELEASE.jar:5.2.2.RELEASE]
	at com.steve.springboot.mail.impl.SendJunkMailServiceImpl.sendJunkMail(SendJunkMailServiceImpl.java:52) [classes/:?]
	at com.steve.springboot.quartz.SendMailQuartz.reportCurrentByCron(SendMailQuartz.java:46) [classes/:?]
	at jdk.internal.reflect.NativeMethodAccessorImpl.invoke0(Native Method) ~[?:?]
	at jdk.internal.reflect.NativeMethodAccessorImpl.invoke(NativeMethodAccessorImpl.java:62) ~[?:?]
	at jdk.internal.reflect.DelegatingMethodAccessorImpl.invoke(DelegatingMethodAccessorImpl.java:43) ~[?:?]
	at java.lang.reflect.Method.invoke(Method.java:566) ~[?:?]
	at org.springframework.scheduling.support.ScheduledMethodRunnable.run(ScheduledMethodRunnable.java:84) [spring-context-5.2.2.RELEASE.jar:5.2.2.RELEASE]
	at org.springframework.scheduling.support.DelegatingErrorHandlingRunnable.run(DelegatingErrorHandlingRunnable.java:54) [spring-context-5.2.2.RELEASE.jar:5.2.2.RELEASE]
	at org.springframework.scheduling.concurrent.ReschedulingRunnable.run(ReschedulingRunnable.java:93) [spring-context-5.2.2.RELEASE.jar:5.2.2.RELEASE]
	at java.util.concurrent.Executors$RunnableAdapter.call(Executors.java:515) [?:?]
	at java.util.concurrent.FutureTask.run(FutureTask.java:264) [?:?]
	at java.util.concurrent.ScheduledThreadPoolExecutor$ScheduledFutureTask.run(ScheduledThreadPoolExecutor.java:304) [?:?]
	at java.util.concurrent.ThreadPoolExecutor.runWorker(ThreadPoolExecutor.java:1128) [?:?]
	at java.util.concurrent.ThreadPoolExecutor$Worker.run(ThreadPoolExecutor.java:628) [?:?]
	at java.lang.Thread.run(Thread.java:834) [?:?]
Caused by: javax.mail.AuthenticationFailedException: 550 User has no permission

	at com.sun.mail.smtp.SMTPTransport$Authenticator.authenticate(SMTPTransport.java:947) ~[jakarta.mail-1.6.4.jar:1.6.4]
	at com.sun.mail.smtp.SMTPTransport.authenticate(SMTPTransport.java:858) ~[jakarta.mail-1.6.4.jar:1.6.4]
	at com.sun.mail.smtp.SMTPTransport.protocolConnect(SMTPTransport.java:762) ~[jakarta.mail-1.6.4.jar:1.6.4]
	at javax.mail.Service.connect(Service.java:342) ~[jakarta.mail-1.6.4.jar:1.6.4]
	at org.springframework.mail.javamail.JavaMailSenderImpl.connectTransport(JavaMailSenderImpl.java:518) ~[spring-context-support-5.2.2.RELEASE.jar:5.2.2.RELEASE]
	at org.springframework.mail.javamail.JavaMailSenderImpl.doSend(JavaMailSenderImpl.java:437) ~[spring-context-support-5.2.2.RELEASE.jar:5.2.2.RELEASE]
	... 17 more
[09:11:55:671] [INFO] - com.steve.springboot.quartz.SendMailQuartz.reportCurrentByCron(SendMailQuartz.java:47) - 定时器运行了!!!
[09:12:00:002] [INFO] - com.steve.springboot.quartz.TestTask.run(TestTask.java:16) - 定时器运行了!!!
[09:12:00:666] [ERROR] - com.steve.springboot.mail.impl.SendJunkMailServiceImpl.sendJunkMail(SendJunkMailServiceImpl.java:55) - sendJunkMail error and ayUser=%s
org.springframework.mail.MailAuthenticationException: Authentication failed; nested exception is javax.mail.AuthenticationFailedException: 550 User has no permission

	at org.springframework.mail.javamail.JavaMailSenderImpl.doSend(JavaMailSenderImpl.java:440) ~[spring-context-support-5.2.2.RELEASE.jar:5.2.2.RELEASE]
	at org.springframework.mail.javamail.JavaMailSenderImpl.send(JavaMailSenderImpl.java:361) ~[spring-context-support-5.2.2.RELEASE.jar:5.2.2.RELEASE]
	at org.springframework.mail.javamail.JavaMailSenderImpl.send(JavaMailSenderImpl.java:356) ~[spring-context-support-5.2.2.RELEASE.jar:5.2.2.RELEASE]
	at com.steve.springboot.mail.impl.SendJunkMailServiceImpl.sendJunkMail(SendJunkMailServiceImpl.java:52) [classes/:?]
	at com.steve.springboot.quartz.SendMailQuartz.reportCurrentByCron(SendMailQuartz.java:46) [classes/:?]
	at jdk.internal.reflect.NativeMethodAccessorImpl.invoke0(Native Method) ~[?:?]
	at jdk.internal.reflect.NativeMethodAccessorImpl.invoke(NativeMethodAccessorImpl.java:62) ~[?:?]
	at jdk.internal.reflect.DelegatingMethodAccessorImpl.invoke(DelegatingMethodAccessorImpl.java:43) ~[?:?]
	at java.lang.reflect.Method.invoke(Method.java:566) ~[?:?]
	at org.springframework.scheduling.support.ScheduledMethodRunnable.run(ScheduledMethodRunnable.java:84) [spring-context-5.2.2.RELEASE.jar:5.2.2.RELEASE]
	at org.springframework.scheduling.support.DelegatingErrorHandlingRunnable.run(DelegatingErrorHandlingRunnable.java:54) [spring-context-5.2.2.RELEASE.jar:5.2.2.RELEASE]
	at org.springframework.scheduling.concurrent.ReschedulingRunnable.run(ReschedulingRunnable.java:93) [spring-context-5.2.2.RELEASE.jar:5.2.2.RELEASE]
	at java.util.concurrent.Executors$RunnableAdapter.call(Executors.java:515) [?:?]
	at java.util.concurrent.FutureTask.run(FutureTask.java:264) [?:?]
	at java.util.concurrent.ScheduledThreadPoolExecutor$ScheduledFutureTask.run(ScheduledThreadPoolExecutor.java:304) [?:?]
	at java.util.concurrent.ThreadPoolExecutor.runWorker(ThreadPoolExecutor.java:1128) [?:?]
	at java.util.concurrent.ThreadPoolExecutor$Worker.run(ThreadPoolExecutor.java:628) [?:?]
	at java.lang.Thread.run(Thread.java:834) [?:?]
Caused by: javax.mail.AuthenticationFailedException: 550 User has no permission

	at com.sun.mail.smtp.SMTPTransport$Authenticator.authenticate(SMTPTransport.java:947) ~[jakarta.mail-1.6.4.jar:1.6.4]
	at com.sun.mail.smtp.SMTPTransport.authenticate(SMTPTransport.java:858) ~[jakarta.mail-1.6.4.jar:1.6.4]
	at com.sun.mail.smtp.SMTPTransport.protocolConnect(SMTPTransport.java:762) ~[jakarta.mail-1.6.4.jar:1.6.4]
	at javax.mail.Service.connect(Service.java:342) ~[jakarta.mail-1.6.4.jar:1.6.4]
	at org.springframework.mail.javamail.JavaMailSenderImpl.connectTransport(JavaMailSenderImpl.java:518) ~[spring-context-support-5.2.2.RELEASE.jar:5.2.2.RELEASE]
	at org.springframework.mail.javamail.JavaMailSenderImpl.doSend(JavaMailSenderImpl.java:437) ~[spring-context-support-5.2.2.RELEASE.jar:5.2.2.RELEASE]
	... 17 more
[09:12:00:670] [INFO] - com.steve.springboot.quartz.SendMailQuartz.reportCurrentByCron(SendMailQuartz.java:47) - 定时器运行了!!!
[09:12:05:734] [ERROR] - com.steve.springboot.mail.impl.SendJunkMailServiceImpl.sendJunkMail(SendJunkMailServiceImpl.java:55) - sendJunkMail error and ayUser=%s
org.springframework.mail.MailAuthenticationException: Authentication failed; nested exception is javax.mail.AuthenticationFailedException: 550 User has no permission

	at org.springframework.mail.javamail.JavaMailSenderImpl.doSend(JavaMailSenderImpl.java:440) ~[spring-context-support-5.2.2.RELEASE.jar:5.2.2.RELEASE]
	at org.springframework.mail.javamail.JavaMailSenderImpl.send(JavaMailSenderImpl.java:361) ~[spring-context-support-5.2.2.RELEASE.jar:5.2.2.RELEASE]
	at org.springframework.mail.javamail.JavaMailSenderImpl.send(JavaMailSenderImpl.java:356) ~[spring-context-support-5.2.2.RELEASE.jar:5.2.2.RELEASE]
	at com.steve.springboot.mail.impl.SendJunkMailServiceImpl.sendJunkMail(SendJunkMailServiceImpl.java:52) [classes/:?]
	at com.steve.springboot.quartz.SendMailQuartz.reportCurrentByCron(SendMailQuartz.java:46) [classes/:?]
	at jdk.internal.reflect.NativeMethodAccessorImpl.invoke0(Native Method) ~[?:?]
	at jdk.internal.reflect.NativeMethodAccessorImpl.invoke(NativeMethodAccessorImpl.java:62) ~[?:?]
	at jdk.internal.reflect.DelegatingMethodAccessorImpl.invoke(DelegatingMethodAccessorImpl.java:43) ~[?:?]
	at java.lang.reflect.Method.invoke(Method.java:566) ~[?:?]
	at org.springframework.scheduling.support.ScheduledMethodRunnable.run(ScheduledMethodRunnable.java:84) [spring-context-5.2.2.RELEASE.jar:5.2.2.RELEASE]
	at org.springframework.scheduling.support.DelegatingErrorHandlingRunnable.run(DelegatingErrorHandlingRunnable.java:54) [spring-context-5.2.2.RELEASE.jar:5.2.2.RELEASE]
	at org.springframework.scheduling.concurrent.ReschedulingRunnable.run(ReschedulingRunnable.java:93) [spring-context-5.2.2.RELEASE.jar:5.2.2.RELEASE]
	at java.util.concurrent.Executors$RunnableAdapter.call(Executors.java:515) [?:?]
	at java.util.concurrent.FutureTask.run(FutureTask.java:264) [?:?]
	at java.util.concurrent.ScheduledThreadPoolExecutor$ScheduledFutureTask.run(ScheduledThreadPoolExecutor.java:304) [?:?]
	at java.util.concurrent.ThreadPoolExecutor.runWorker(ThreadPoolExecutor.java:1128) [?:?]
	at java.util.concurrent.ThreadPoolExecutor$Worker.run(ThreadPoolExecutor.java:628) [?:?]
	at java.lang.Thread.run(Thread.java:834) [?:?]
Caused by: javax.mail.AuthenticationFailedException: 550 User has no permission

	at com.sun.mail.smtp.SMTPTransport$Authenticator.authenticate(SMTPTransport.java:947) ~[jakarta.mail-1.6.4.jar:1.6.4]
	at com.sun.mail.smtp.SMTPTransport.authenticate(SMTPTransport.java:858) ~[jakarta.mail-1.6.4.jar:1.6.4]
	at com.sun.mail.smtp.SMTPTransport.protocolConnect(SMTPTransport.java:762) ~[jakarta.mail-1.6.4.jar:1.6.4]
	at javax.mail.Service.connect(Service.java:342) ~[jakarta.mail-1.6.4.jar:1.6.4]
	at org.springframework.mail.javamail.JavaMailSenderImpl.connectTransport(JavaMailSenderImpl.java:518) ~[spring-context-support-5.2.2.RELEASE.jar:5.2.2.RELEASE]
	at org.springframework.mail.javamail.JavaMailSenderImpl.doSend(JavaMailSenderImpl.java:437) ~[spring-context-support-5.2.2.RELEASE.jar:5.2.2.RELEASE]
	... 17 more
[09:12:05:736] [INFO] - com.steve.springboot.quartz.SendMailQuartz.reportCurrentByCron(SendMailQuartz.java:47) - 定时器运行了!!!
[09:12:10:005] [INFO] - com.steve.springboot.quartz.TestTask.run(TestTask.java:16) - 定时器运行了!!!
[09:12:10:548] [ERROR] - com.steve.springboot.mail.impl.SendJunkMailServiceImpl.sendJunkMail(SendJunkMailServiceImpl.java:55) - sendJunkMail error and ayUser=%s
org.springframework.mail.MailAuthenticationException: Authentication failed; nested exception is javax.mail.AuthenticationFailedException: 550 User has no permission

	at org.springframework.mail.javamail.JavaMailSenderImpl.doSend(JavaMailSenderImpl.java:440) ~[spring-context-support-5.2.2.RELEASE.jar:5.2.2.RELEASE]
	at org.springframework.mail.javamail.JavaMailSenderImpl.send(JavaMailSenderImpl.java:361) ~[spring-context-support-5.2.2.RELEASE.jar:5.2.2.RELEASE]
	at org.springframework.mail.javamail.JavaMailSenderImpl.send(JavaMailSenderImpl.java:356) ~[spring-context-support-5.2.2.RELEASE.jar:5.2.2.RELEASE]
	at com.steve.springboot.mail.impl.SendJunkMailServiceImpl.sendJunkMail(SendJunkMailServiceImpl.java:52) [classes/:?]
	at com.steve.springboot.quartz.SendMailQuartz.reportCurrentByCron(SendMailQuartz.java:46) [classes/:?]
	at jdk.internal.reflect.NativeMethodAccessorImpl.invoke0(Native Method) ~[?:?]
	at jdk.internal.reflect.NativeMethodAccessorImpl.invoke(NativeMethodAccessorImpl.java:62) ~[?:?]
	at jdk.internal.reflect.DelegatingMethodAccessorImpl.invoke(DelegatingMethodAccessorImpl.java:43) ~[?:?]
	at java.lang.reflect.Method.invoke(Method.java:566) ~[?:?]
	at org.springframework.scheduling.support.ScheduledMethodRunnable.run(ScheduledMethodRunnable.java:84) [spring-context-5.2.2.RELEASE.jar:5.2.2.RELEASE]
	at org.springframework.scheduling.support.DelegatingErrorHandlingRunnable.run(DelegatingErrorHandlingRunnable.java:54) [spring-context-5.2.2.RELEASE.jar:5.2.2.RELEASE]
	at org.springframework.scheduling.concurrent.ReschedulingRunnable.run(ReschedulingRunnable.java:93) [spring-context-5.2.2.RELEASE.jar:5.2.2.RELEASE]
	at java.util.concurrent.Executors$RunnableAdapter.call(Executors.java:515) [?:?]
	at java.util.concurrent.FutureTask.run(FutureTask.java:264) [?:?]
	at java.util.concurrent.ScheduledThreadPoolExecutor$ScheduledFutureTask.run(ScheduledThreadPoolExecutor.java:304) [?:?]
	at java.util.concurrent.ThreadPoolExecutor.runWorker(ThreadPoolExecutor.java:1128) [?:?]
	at java.util.concurrent.ThreadPoolExecutor$Worker.run(ThreadPoolExecutor.java:628) [?:?]
	at java.lang.Thread.run(Thread.java:834) [?:?]
Caused by: javax.mail.AuthenticationFailedException: 550 User has no permission

	at com.sun.mail.smtp.SMTPTransport$Authenticator.authenticate(SMTPTransport.java:947) ~[jakarta.mail-1.6.4.jar:1.6.4]
	at com.sun.mail.smtp.SMTPTransport.authenticate(SMTPTransport.java:858) ~[jakarta.mail-1.6.4.jar:1.6.4]
	at com.sun.mail.smtp.SMTPTransport.protocolConnect(SMTPTransport.java:762) ~[jakarta.mail-1.6.4.jar:1.6.4]
	at javax.mail.Service.connect(Service.java:342) ~[jakarta.mail-1.6.4.jar:1.6.4]
	at org.springframework.mail.javamail.JavaMailSenderImpl.connectTransport(JavaMailSenderImpl.java:518) ~[spring-context-support-5.2.2.RELEASE.jar:5.2.2.RELEASE]
	at org.springframework.mail.javamail.JavaMailSenderImpl.doSend(JavaMailSenderImpl.java:437) ~[spring-context-support-5.2.2.RELEASE.jar:5.2.2.RELEASE]
	... 17 more
[09:12:10:550] [INFO] - com.steve.springboot.quartz.SendMailQuartz.reportCurrentByCron(SendMailQuartz.java:47) - 定时器运行了!!!
[09:12:15:648] [ERROR] - com.steve.springboot.mail.impl.SendJunkMailServiceImpl.sendJunkMail(SendJunkMailServiceImpl.java:55) - sendJunkMail error and ayUser=%s
org.springframework.mail.MailAuthenticationException: Authentication failed; nested exception is javax.mail.AuthenticationFailedException: 550 User has no permission

	at org.springframework.mail.javamail.JavaMailSenderImpl.doSend(JavaMailSenderImpl.java:440) ~[spring-context-support-5.2.2.RELEASE.jar:5.2.2.RELEASE]
	at org.springframework.mail.javamail.JavaMailSenderImpl.send(JavaMailSenderImpl.java:361) ~[spring-context-support-5.2.2.RELEASE.jar:5.2.2.RELEASE]
	at org.springframework.mail.javamail.JavaMailSenderImpl.send(JavaMailSenderImpl.java:356) ~[spring-context-support-5.2.2.RELEASE.jar:5.2.2.RELEASE]
	at com.steve.springboot.mail.impl.SendJunkMailServiceImpl.sendJunkMail(SendJunkMailServiceImpl.java:52) [classes/:?]
	at com.steve.springboot.quartz.SendMailQuartz.reportCurrentByCron(SendMailQuartz.java:46) [classes/:?]
	at jdk.internal.reflect.NativeMethodAccessorImpl.invoke0(Native Method) ~[?:?]
	at jdk.internal.reflect.NativeMethodAccessorImpl.invoke(NativeMethodAccessorImpl.java:62) ~[?:?]
	at jdk.internal.reflect.DelegatingMethodAccessorImpl.invoke(DelegatingMethodAccessorImpl.java:43) ~[?:?]
	at java.lang.reflect.Method.invoke(Method.java:566) ~[?:?]
	at org.springframework.scheduling.support.ScheduledMethodRunnable.run(ScheduledMethodRunnable.java:84) [spring-context-5.2.2.RELEASE.jar:5.2.2.RELEASE]
	at org.springframework.scheduling.support.DelegatingErrorHandlingRunnable.run(DelegatingErrorHandlingRunnable.java:54) [spring-context-5.2.2.RELEASE.jar:5.2.2.RELEASE]
	at org.springframework.scheduling.concurrent.ReschedulingRunnable.run(ReschedulingRunnable.java:93) [spring-context-5.2.2.RELEASE.jar:5.2.2.RELEASE]
	at java.util.concurrent.Executors$RunnableAdapter.call(Executors.java:515) [?:?]
	at java.util.concurrent.FutureTask.run(FutureTask.java:264) [?:?]
	at java.util.concurrent.ScheduledThreadPoolExecutor$ScheduledFutureTask.run(ScheduledThreadPoolExecutor.java:304) [?:?]
	at java.util.concurrent.ThreadPoolExecutor.runWorker(ThreadPoolExecutor.java:1128) [?:?]
	at java.util.concurrent.ThreadPoolExecutor$Worker.run(ThreadPoolExecutor.java:628) [?:?]
	at java.lang.Thread.run(Thread.java:834) [?:?]
Caused by: javax.mail.AuthenticationFailedException: 550 User has no permission

	at com.sun.mail.smtp.SMTPTransport$Authenticator.authenticate(SMTPTransport.java:947) ~[jakarta.mail-1.6.4.jar:1.6.4]
	at com.sun.mail.smtp.SMTPTransport.authenticate(SMTPTransport.java:858) ~[jakarta.mail-1.6.4.jar:1.6.4]
	at com.sun.mail.smtp.SMTPTransport.protocolConnect(SMTPTransport.java:762) ~[jakarta.mail-1.6.4.jar:1.6.4]
	at javax.mail.Service.connect(Service.java:342) ~[jakarta.mail-1.6.4.jar:1.6.4]
	at org.springframework.mail.javamail.JavaMailSenderImpl.connectTransport(JavaMailSenderImpl.java:518) ~[spring-context-support-5.2.2.RELEASE.jar:5.2.2.RELEASE]
	at org.springframework.mail.javamail.JavaMailSenderImpl.doSend(JavaMailSenderImpl.java:437) ~[spring-context-support-5.2.2.RELEASE.jar:5.2.2.RELEASE]
	... 17 more
[09:12:15:649] [INFO] - com.steve.springboot.quartz.SendMailQuartz.reportCurrentByCron(SendMailQuartz.java:47) - 定时器运行了!!!
[09:12:20:003] [INFO] - com.steve.springboot.quartz.TestTask.run(TestTask.java:16) - 定时器运行了!!!
[09:12:20:690] [ERROR] - com.steve.springboot.mail.impl.SendJunkMailServiceImpl.sendJunkMail(SendJunkMailServiceImpl.java:55) - sendJunkMail error and ayUser=%s
org.springframework.mail.MailAuthenticationException: Authentication failed; nested exception is javax.mail.AuthenticationFailedException: 550 User has no permission

	at org.springframework.mail.javamail.JavaMailSenderImpl.doSend(JavaMailSenderImpl.java:440) ~[spring-context-support-5.2.2.RELEASE.jar:5.2.2.RELEASE]
	at org.springframework.mail.javamail.JavaMailSenderImpl.send(JavaMailSenderImpl.java:361) ~[spring-context-support-5.2.2.RELEASE.jar:5.2.2.RELEASE]
	at org.springframework.mail.javamail.JavaMailSenderImpl.send(JavaMailSenderImpl.java:356) ~[spring-context-support-5.2.2.RELEASE.jar:5.2.2.RELEASE]
	at com.steve.springboot.mail.impl.SendJunkMailServiceImpl.sendJunkMail(SendJunkMailServiceImpl.java:52) [classes/:?]
	at com.steve.springboot.quartz.SendMailQuartz.reportCurrentByCron(SendMailQuartz.java:46) [classes/:?]
	at jdk.internal.reflect.NativeMethodAccessorImpl.invoke0(Native Method) ~[?:?]
	at jdk.internal.reflect.NativeMethodAccessorImpl.invoke(NativeMethodAccessorImpl.java:62) ~[?:?]
	at jdk.internal.reflect.DelegatingMethodAccessorImpl.invoke(DelegatingMethodAccessorImpl.java:43) ~[?:?]
	at java.lang.reflect.Method.invoke(Method.java:566) ~[?:?]
	at org.springframework.scheduling.support.ScheduledMethodRunnable.run(ScheduledMethodRunnable.java:84) [spring-context-5.2.2.RELEASE.jar:5.2.2.RELEASE]
	at org.springframework.scheduling.support.DelegatingErrorHandlingRunnable.run(DelegatingErrorHandlingRunnable.java:54) [spring-context-5.2.2.RELEASE.jar:5.2.2.RELEASE]
	at org.springframework.scheduling.concurrent.ReschedulingRunnable.run(ReschedulingRunnable.java:93) [spring-context-5.2.2.RELEASE.jar:5.2.2.RELEASE]
	at java.util.concurrent.Executors$RunnableAdapter.call(Executors.java:515) [?:?]
	at java.util.concurrent.FutureTask.run(FutureTask.java:264) [?:?]
	at java.util.concurrent.ScheduledThreadPoolExecutor$ScheduledFutureTask.run(ScheduledThreadPoolExecutor.java:304) [?:?]
	at java.util.concurrent.ThreadPoolExecutor.runWorker(ThreadPoolExecutor.java:1128) [?:?]
	at java.util.concurrent.ThreadPoolExecutor$Worker.run(ThreadPoolExecutor.java:628) [?:?]
	at java.lang.Thread.run(Thread.java:834) [?:?]
Caused by: javax.mail.AuthenticationFailedException: 550 User has no permission

	at com.sun.mail.smtp.SMTPTransport$Authenticator.authenticate(SMTPTransport.java:947) ~[jakarta.mail-1.6.4.jar:1.6.4]
	at com.sun.mail.smtp.SMTPTransport.authenticate(SMTPTransport.java:858) ~[jakarta.mail-1.6.4.jar:1.6.4]
	at com.sun.mail.smtp.SMTPTransport.protocolConnect(SMTPTransport.java:762) ~[jakarta.mail-1.6.4.jar:1.6.4]
	at javax.mail.Service.connect(Service.java:342) ~[jakarta.mail-1.6.4.jar:1.6.4]
	at org.springframework.mail.javamail.JavaMailSenderImpl.connectTransport(JavaMailSenderImpl.java:518) ~[spring-context-support-5.2.2.RELEASE.jar:5.2.2.RELEASE]
	at org.springframework.mail.javamail.JavaMailSenderImpl.doSend(JavaMailSenderImpl.java:437) ~[spring-context-support-5.2.2.RELEASE.jar:5.2.2.RELEASE]
	... 17 more
[09:12:20:692] [INFO] - com.steve.springboot.quartz.SendMailQuartz.reportCurrentByCron(SendMailQuartz.java:47) - 定时器运行了!!!
[09:12:25:708] [ERROR] - com.steve.springboot.mail.impl.SendJunkMailServiceImpl.sendJunkMail(SendJunkMailServiceImpl.java:55) - sendJunkMail error and ayUser=%s
org.springframework.mail.MailAuthenticationException: Authentication failed; nested exception is javax.mail.AuthenticationFailedException: 550 User has no permission

	at org.springframework.mail.javamail.JavaMailSenderImpl.doSend(JavaMailSenderImpl.java:440) ~[spring-context-support-5.2.2.RELEASE.jar:5.2.2.RELEASE]
	at org.springframework.mail.javamail.JavaMailSenderImpl.send(JavaMailSenderImpl.java:361) ~[spring-context-support-5.2.2.RELEASE.jar:5.2.2.RELEASE]
	at org.springframework.mail.javamail.JavaMailSenderImpl.send(JavaMailSenderImpl.java:356) ~[spring-context-support-5.2.2.RELEASE.jar:5.2.2.RELEASE]
	at com.steve.springboot.mail.impl.SendJunkMailServiceImpl.sendJunkMail(SendJunkMailServiceImpl.java:52) [classes/:?]
	at com.steve.springboot.quartz.SendMailQuartz.reportCurrentByCron(SendMailQuartz.java:46) [classes/:?]
	at jdk.internal.reflect.NativeMethodAccessorImpl.invoke0(Native Method) ~[?:?]
	at jdk.internal.reflect.NativeMethodAccessorImpl.invoke(NativeMethodAccessorImpl.java:62) ~[?:?]
	at jdk.internal.reflect.DelegatingMethodAccessorImpl.invoke(DelegatingMethodAccessorImpl.java:43) ~[?:?]
	at java.lang.reflect.Method.invoke(Method.java:566) ~[?:?]
	at org.springframework.scheduling.support.ScheduledMethodRunnable.run(ScheduledMethodRunnable.java:84) [spring-context-5.2.2.RELEASE.jar:5.2.2.RELEASE]
	at org.springframework.scheduling.support.DelegatingErrorHandlingRunnable.run(DelegatingErrorHandlingRunnable.java:54) [spring-context-5.2.2.RELEASE.jar:5.2.2.RELEASE]
	at org.springframework.scheduling.concurrent.ReschedulingRunnable.run(ReschedulingRunnable.java:93) [spring-context-5.2.2.RELEASE.jar:5.2.2.RELEASE]
	at java.util.concurrent.Executors$RunnableAdapter.call(Executors.java:515) [?:?]
	at java.util.concurrent.FutureTask.run(FutureTask.java:264) [?:?]
	at java.util.concurrent.ScheduledThreadPoolExecutor$ScheduledFutureTask.run(ScheduledThreadPoolExecutor.java:304) [?:?]
	at java.util.concurrent.ThreadPoolExecutor.runWorker(ThreadPoolExecutor.java:1128) [?:?]
	at java.util.concurrent.ThreadPoolExecutor$Worker.run(ThreadPoolExecutor.java:628) [?:?]
	at java.lang.Thread.run(Thread.java:834) [?:?]
Caused by: javax.mail.AuthenticationFailedException: 550 User has no permission

	at com.sun.mail.smtp.SMTPTransport$Authenticator.authenticate(SMTPTransport.java:947) ~[jakarta.mail-1.6.4.jar:1.6.4]
	at com.sun.mail.smtp.SMTPTransport.authenticate(SMTPTransport.java:858) ~[jakarta.mail-1.6.4.jar:1.6.4]
	at com.sun.mail.smtp.SMTPTransport.protocolConnect(SMTPTransport.java:762) ~[jakarta.mail-1.6.4.jar:1.6.4]
	at javax.mail.Service.connect(Service.java:342) ~[jakarta.mail-1.6.4.jar:1.6.4]
	at org.springframework.mail.javamail.JavaMailSenderImpl.connectTransport(JavaMailSenderImpl.java:518) ~[spring-context-support-5.2.2.RELEASE.jar:5.2.2.RELEASE]
	at org.springframework.mail.javamail.JavaMailSenderImpl.doSend(JavaMailSenderImpl.java:437) ~[spring-context-support-5.2.2.RELEASE.jar:5.2.2.RELEASE]
	... 17 more
[09:12:25:710] [INFO] - com.steve.springboot.quartz.SendMailQuartz.reportCurrentByCron(SendMailQuartz.java:47) - 定时器运行了!!!
[09:12:30:075] [INFO] - com.steve.springboot.quartz.TestTask.run(TestTask.java:16) - 定时器运行了!!!
[09:12:30:528] [ERROR] - com.steve.springboot.mail.impl.SendJunkMailServiceImpl.sendJunkMail(SendJunkMailServiceImpl.java:55) - sendJunkMail error and ayUser=%s
org.springframework.mail.MailAuthenticationException: Authentication failed; nested exception is javax.mail.AuthenticationFailedException: 550 User has no permission

	at org.springframework.mail.javamail.JavaMailSenderImpl.doSend(JavaMailSenderImpl.java:440) ~[spring-context-support-5.2.2.RELEASE.jar:5.2.2.RELEASE]
	at org.springframework.mail.javamail.JavaMailSenderImpl.send(JavaMailSenderImpl.java:361) ~[spring-context-support-5.2.2.RELEASE.jar:5.2.2.RELEASE]
	at org.springframework.mail.javamail.JavaMailSenderImpl.send(JavaMailSenderImpl.java:356) ~[spring-context-support-5.2.2.RELEASE.jar:5.2.2.RELEASE]
	at com.steve.springboot.mail.impl.SendJunkMailServiceImpl.sendJunkMail(SendJunkMailServiceImpl.java:52) [classes/:?]
	at com.steve.springboot.quartz.SendMailQuartz.reportCurrentByCron(SendMailQuartz.java:46) [classes/:?]
	at jdk.internal.reflect.NativeMethodAccessorImpl.invoke0(Native Method) ~[?:?]
	at jdk.internal.reflect.NativeMethodAccessorImpl.invoke(NativeMethodAccessorImpl.java:62) ~[?:?]
	at jdk.internal.reflect.DelegatingMethodAccessorImpl.invoke(DelegatingMethodAccessorImpl.java:43) ~[?:?]
	at java.lang.reflect.Method.invoke(Method.java:566) ~[?:?]
	at org.springframework.scheduling.support.ScheduledMethodRunnable.run(ScheduledMethodRunnable.java:84) [spring-context-5.2.2.RELEASE.jar:5.2.2.RELEASE]
	at org.springframework.scheduling.support.DelegatingErrorHandlingRunnable.run(DelegatingErrorHandlingRunnable.java:54) [spring-context-5.2.2.RELEASE.jar:5.2.2.RELEASE]
	at org.springframework.scheduling.concurrent.ReschedulingRunnable.run(ReschedulingRunnable.java:93) [spring-context-5.2.2.RELEASE.jar:5.2.2.RELEASE]
	at java.util.concurrent.Executors$RunnableAdapter.call(Executors.java:515) [?:?]
	at java.util.concurrent.FutureTask.run(FutureTask.java:264) [?:?]
	at java.util.concurrent.ScheduledThreadPoolExecutor$ScheduledFutureTask.run(ScheduledThreadPoolExecutor.java:304) [?:?]
	at java.util.concurrent.ThreadPoolExecutor.runWorker(ThreadPoolExecutor.java:1128) [?:?]
	at java.util.concurrent.ThreadPoolExecutor$Worker.run(ThreadPoolExecutor.java:628) [?:?]
	at java.lang.Thread.run(Thread.java:834) [?:?]
Caused by: javax.mail.AuthenticationFailedException: 550 User has no permission

	at com.sun.mail.smtp.SMTPTransport$Authenticator.authenticate(SMTPTransport.java:947) ~[jakarta.mail-1.6.4.jar:1.6.4]
	at com.sun.mail.smtp.SMTPTransport.authenticate(SMTPTransport.java:858) ~[jakarta.mail-1.6.4.jar:1.6.4]
	at com.sun.mail.smtp.SMTPTransport.protocolConnect(SMTPTransport.java:762) ~[jakarta.mail-1.6.4.jar:1.6.4]
	at javax.mail.Service.connect(Service.java:342) ~[jakarta.mail-1.6.4.jar:1.6.4]
	at org.springframework.mail.javamail.JavaMailSenderImpl.connectTransport(JavaMailSenderImpl.java:518) ~[spring-context-support-5.2.2.RELEASE.jar:5.2.2.RELEASE]
	at org.springframework.mail.javamail.JavaMailSenderImpl.doSend(JavaMailSenderImpl.java:437) ~[spring-context-support-5.2.2.RELEASE.jar:5.2.2.RELEASE]
	... 17 more
[09:12:30:530] [INFO] - com.steve.springboot.quartz.SendMailQuartz.reportCurrentByCron(SendMailQuartz.java:47) - 定时器运行了!!!
[09:12:35:614] [ERROR] - com.steve.springboot.mail.impl.SendJunkMailServiceImpl.sendJunkMail(SendJunkMailServiceImpl.java:55) - sendJunkMail error and ayUser=%s
org.springframework.mail.MailAuthenticationException: Authentication failed; nested exception is javax.mail.AuthenticationFailedException: 550 User has no permission

	at org.springframework.mail.javamail.JavaMailSenderImpl.doSend(JavaMailSenderImpl.java:440) ~[spring-context-support-5.2.2.RELEASE.jar:5.2.2.RELEASE]
	at org.springframework.mail.javamail.JavaMailSenderImpl.send(JavaMailSenderImpl.java:361) ~[spring-context-support-5.2.2.RELEASE.jar:5.2.2.RELEASE]
	at org.springframework.mail.javamail.JavaMailSenderImpl.send(JavaMailSenderImpl.java:356) ~[spring-context-support-5.2.2.RELEASE.jar:5.2.2.RELEASE]
	at com.steve.springboot.mail.impl.SendJunkMailServiceImpl.sendJunkMail(SendJunkMailServiceImpl.java:52) [classes/:?]
	at com.steve.springboot.quartz.SendMailQuartz.reportCurrentByCron(SendMailQuartz.java:46) [classes/:?]
	at jdk.internal.reflect.NativeMethodAccessorImpl.invoke0(Native Method) ~[?:?]
	at jdk.internal.reflect.NativeMethodAccessorImpl.invoke(NativeMethodAccessorImpl.java:62) ~[?:?]
	at jdk.internal.reflect.DelegatingMethodAccessorImpl.invoke(DelegatingMethodAccessorImpl.java:43) ~[?:?]
	at java.lang.reflect.Method.invoke(Method.java:566) ~[?:?]
	at org.springframework.scheduling.support.ScheduledMethodRunnable.run(ScheduledMethodRunnable.java:84) [spring-context-5.2.2.RELEASE.jar:5.2.2.RELEASE]
	at org.springframework.scheduling.support.DelegatingErrorHandlingRunnable.run(DelegatingErrorHandlingRunnable.java:54) [spring-context-5.2.2.RELEASE.jar:5.2.2.RELEASE]
	at org.springframework.scheduling.concurrent.ReschedulingRunnable.run(ReschedulingRunnable.java:93) [spring-context-5.2.2.RELEASE.jar:5.2.2.RELEASE]
	at java.util.concurrent.Executors$RunnableAdapter.call(Executors.java:515) [?:?]
	at java.util.concurrent.FutureTask.run(FutureTask.java:264) [?:?]
	at java.util.concurrent.ScheduledThreadPoolExecutor$ScheduledFutureTask.run(ScheduledThreadPoolExecutor.java:304) [?:?]
	at java.util.concurrent.ThreadPoolExecutor.runWorker(ThreadPoolExecutor.java:1128) [?:?]
	at java.util.concurrent.ThreadPoolExecutor$Worker.run(ThreadPoolExecutor.java:628) [?:?]
	at java.lang.Thread.run(Thread.java:834) [?:?]
Caused by: javax.mail.AuthenticationFailedException: 550 User has no permission

	at com.sun.mail.smtp.SMTPTransport$Authenticator.authenticate(SMTPTransport.java:947) ~[jakarta.mail-1.6.4.jar:1.6.4]
	at com.sun.mail.smtp.SMTPTransport.authenticate(SMTPTransport.java:858) ~[jakarta.mail-1.6.4.jar:1.6.4]
	at com.sun.mail.smtp.SMTPTransport.protocolConnect(SMTPTransport.java:762) ~[jakarta.mail-1.6.4.jar:1.6.4]
	at javax.mail.Service.connect(Service.java:342) ~[jakarta.mail-1.6.4.jar:1.6.4]
	at org.springframework.mail.javamail.JavaMailSenderImpl.connectTransport(JavaMailSenderImpl.java:518) ~[spring-context-support-5.2.2.RELEASE.jar:5.2.2.RELEASE]
	at org.springframework.mail.javamail.JavaMailSenderImpl.doSend(JavaMailSenderImpl.java:437) ~[spring-context-support-5.2.2.RELEASE.jar:5.2.2.RELEASE]
	... 17 more
[09:12:35:616] [INFO] - com.steve.springboot.quartz.SendMailQuartz.reportCurrentByCron(SendMailQuartz.java:47) - 定时器运行了!!!
[09:12:40:006] [INFO] - com.steve.springboot.quartz.TestTask.run(TestTask.java:16) - 定时器运行了!!!
[09:12:40:702] [ERROR] - com.steve.springboot.mail.impl.SendJunkMailServiceImpl.sendJunkMail(SendJunkMailServiceImpl.java:55) - sendJunkMail error and ayUser=%s
org.springframework.mail.MailAuthenticationException: Authentication failed; nested exception is javax.mail.AuthenticationFailedException: 550 User has no permission

	at org.springframework.mail.javamail.JavaMailSenderImpl.doSend(JavaMailSenderImpl.java:440) ~[spring-context-support-5.2.2.RELEASE.jar:5.2.2.RELEASE]
	at org.springframework.mail.javamail.JavaMailSenderImpl.send(JavaMailSenderImpl.java:361) ~[spring-context-support-5.2.2.RELEASE.jar:5.2.2.RELEASE]
	at org.springframework.mail.javamail.JavaMailSenderImpl.send(JavaMailSenderImpl.java:356) ~[spring-context-support-5.2.2.RELEASE.jar:5.2.2.RELEASE]
	at com.steve.springboot.mail.impl.SendJunkMailServiceImpl.sendJunkMail(SendJunkMailServiceImpl.java:52) [classes/:?]
	at com.steve.springboot.quartz.SendMailQuartz.reportCurrentByCron(SendMailQuartz.java:46) [classes/:?]
	at jdk.internal.reflect.NativeMethodAccessorImpl.invoke0(Native Method) ~[?:?]
	at jdk.internal.reflect.NativeMethodAccessorImpl.invoke(NativeMethodAccessorImpl.java:62) ~[?:?]
	at jdk.internal.reflect.DelegatingMethodAccessorImpl.invoke(DelegatingMethodAccessorImpl.java:43) ~[?:?]
	at java.lang.reflect.Method.invoke(Method.java:566) ~[?:?]
	at org.springframework.scheduling.support.ScheduledMethodRunnable.run(ScheduledMethodRunnable.java:84) [spring-context-5.2.2.RELEASE.jar:5.2.2.RELEASE]
	at org.springframework.scheduling.support.DelegatingErrorHandlingRunnable.run(DelegatingErrorHandlingRunnable.java:54) [spring-context-5.2.2.RELEASE.jar:5.2.2.RELEASE]
	at org.springframework.scheduling.concurrent.ReschedulingRunnable.run(ReschedulingRunnable.java:93) [spring-context-5.2.2.RELEASE.jar:5.2.2.RELEASE]
	at java.util.concurrent.Executors$RunnableAdapter.call(Executors.java:515) [?:?]
	at java.util.concurrent.FutureTask.run(FutureTask.java:264) [?:?]
	at java.util.concurrent.ScheduledThreadPoolExecutor$ScheduledFutureTask.run(ScheduledThreadPoolExecutor.java:304) [?:?]
	at java.util.concurrent.ThreadPoolExecutor.runWorker(ThreadPoolExecutor.java:1128) [?:?]
	at java.util.concurrent.ThreadPoolExecutor$Worker.run(ThreadPoolExecutor.java:628) [?:?]
	at java.lang.Thread.run(Thread.java:834) [?:?]
Caused by: javax.mail.AuthenticationFailedException: 550 User has no permission

	at com.sun.mail.smtp.SMTPTransport$Authenticator.authenticate(SMTPTransport.java:947) ~[jakarta.mail-1.6.4.jar:1.6.4]
	at com.sun.mail.smtp.SMTPTransport.authenticate(SMTPTransport.java:858) ~[jakarta.mail-1.6.4.jar:1.6.4]
	at com.sun.mail.smtp.SMTPTransport.protocolConnect(SMTPTransport.java:762) ~[jakarta.mail-1.6.4.jar:1.6.4]
	at javax.mail.Service.connect(Service.java:342) ~[jakarta.mail-1.6.4.jar:1.6.4]
	at org.springframework.mail.javamail.JavaMailSenderImpl.connectTransport(JavaMailSenderImpl.java:518) ~[spring-context-support-5.2.2.RELEASE.jar:5.2.2.RELEASE]
	at org.springframework.mail.javamail.JavaMailSenderImpl.doSend(JavaMailSenderImpl.java:437) ~[spring-context-support-5.2.2.RELEASE.jar:5.2.2.RELEASE]
	... 17 more
[09:12:40:704] [INFO] - com.steve.springboot.quartz.SendMailQuartz.reportCurrentByCron(SendMailQuartz.java:47) - 定时器运行了!!!
[09:12:45:555] [ERROR] - com.steve.springboot.mail.impl.SendJunkMailServiceImpl.sendJunkMail(SendJunkMailServiceImpl.java:55) - sendJunkMail error and ayUser=%s
org.springframework.mail.MailAuthenticationException: Authentication failed; nested exception is javax.mail.AuthenticationFailedException: 550 User has no permission

	at org.springframework.mail.javamail.JavaMailSenderImpl.doSend(JavaMailSenderImpl.java:440) ~[spring-context-support-5.2.2.RELEASE.jar:5.2.2.RELEASE]
	at org.springframework.mail.javamail.JavaMailSenderImpl.send(JavaMailSenderImpl.java:361) ~[spring-context-support-5.2.2.RELEASE.jar:5.2.2.RELEASE]
	at org.springframework.mail.javamail.JavaMailSenderImpl.send(JavaMailSenderImpl.java:356) ~[spring-context-support-5.2.2.RELEASE.jar:5.2.2.RELEASE]
	at com.steve.springboot.mail.impl.SendJunkMailServiceImpl.sendJunkMail(SendJunkMailServiceImpl.java:52) [classes/:?]
	at com.steve.springboot.quartz.SendMailQuartz.reportCurrentByCron(SendMailQuartz.java:46) [classes/:?]
	at jdk.internal.reflect.NativeMethodAccessorImpl.invoke0(Native Method) ~[?:?]
	at jdk.internal.reflect.NativeMethodAccessorImpl.invoke(NativeMethodAccessorImpl.java:62) ~[?:?]
	at jdk.internal.reflect.DelegatingMethodAccessorImpl.invoke(DelegatingMethodAccessorImpl.java:43) ~[?:?]
	at java.lang.reflect.Method.invoke(Method.java:566) ~[?:?]
	at org.springframework.scheduling.support.ScheduledMethodRunnable.run(ScheduledMethodRunnable.java:84) [spring-context-5.2.2.RELEASE.jar:5.2.2.RELEASE]
	at org.springframework.scheduling.support.DelegatingErrorHandlingRunnable.run(DelegatingErrorHandlingRunnable.java:54) [spring-context-5.2.2.RELEASE.jar:5.2.2.RELEASE]
	at org.springframework.scheduling.concurrent.ReschedulingRunnable.run(ReschedulingRunnable.java:93) [spring-context-5.2.2.RELEASE.jar:5.2.2.RELEASE]
	at java.util.concurrent.Executors$RunnableAdapter.call(Executors.java:515) [?:?]
	at java.util.concurrent.FutureTask.run(FutureTask.java:264) [?:?]
	at java.util.concurrent.ScheduledThreadPoolExecutor$ScheduledFutureTask.run(ScheduledThreadPoolExecutor.java:304) [?:?]
	at java.util.concurrent.ThreadPoolExecutor.runWorker(ThreadPoolExecutor.java:1128) [?:?]
	at java.util.concurrent.ThreadPoolExecutor$Worker.run(ThreadPoolExecutor.java:628) [?:?]
	at java.lang.Thread.run(Thread.java:834) [?:?]
Caused by: javax.mail.AuthenticationFailedException: 550 User has no permission

	at com.sun.mail.smtp.SMTPTransport$Authenticator.authenticate(SMTPTransport.java:947) ~[jakarta.mail-1.6.4.jar:1.6.4]
	at com.sun.mail.smtp.SMTPTransport.authenticate(SMTPTransport.java:858) ~[jakarta.mail-1.6.4.jar:1.6.4]
	at com.sun.mail.smtp.SMTPTransport.protocolConnect(SMTPTransport.java:762) ~[jakarta.mail-1.6.4.jar:1.6.4]
	at javax.mail.Service.connect(Service.java:342) ~[jakarta.mail-1.6.4.jar:1.6.4]
	at org.springframework.mail.javamail.JavaMailSenderImpl.connectTransport(JavaMailSenderImpl.java:518) ~[spring-context-support-5.2.2.RELEASE.jar:5.2.2.RELEASE]
	at org.springframework.mail.javamail.JavaMailSenderImpl.doSend(JavaMailSenderImpl.java:437) ~[spring-context-support-5.2.2.RELEASE.jar:5.2.2.RELEASE]
	... 17 more
[09:12:45:558] [INFO] - com.steve.springboot.quartz.SendMailQuartz.reportCurrentByCron(SendMailQuartz.java:47) - 定时器运行了!!!
[09:12:50:001] [INFO] - com.steve.springboot.quartz.TestTask.run(TestTask.java:16) - 定时器运行了!!!
[09:12:50:525] [ERROR] - com.steve.springboot.mail.impl.SendJunkMailServiceImpl.sendJunkMail(SendJunkMailServiceImpl.java:55) - sendJunkMail error and ayUser=%s
org.springframework.mail.MailAuthenticationException: Authentication failed; nested exception is javax.mail.AuthenticationFailedException: 550 User has no permission

	at org.springframework.mail.javamail.JavaMailSenderImpl.doSend(JavaMailSenderImpl.java:440) ~[spring-context-support-5.2.2.RELEASE.jar:5.2.2.RELEASE]
	at org.springframework.mail.javamail.JavaMailSenderImpl.send(JavaMailSenderImpl.java:361) ~[spring-context-support-5.2.2.RELEASE.jar:5.2.2.RELEASE]
	at org.springframework.mail.javamail.JavaMailSenderImpl.send(JavaMailSenderImpl.java:356) ~[spring-context-support-5.2.2.RELEASE.jar:5.2.2.RELEASE]
	at com.steve.springboot.mail.impl.SendJunkMailServiceImpl.sendJunkMail(SendJunkMailServiceImpl.java:52) [classes/:?]
	at com.steve.springboot.quartz.SendMailQuartz.reportCurrentByCron(SendMailQuartz.java:46) [classes/:?]
	at jdk.internal.reflect.GeneratedMethodAccessor55.invoke(Unknown Source) ~[?:?]
	at jdk.internal.reflect.DelegatingMethodAccessorImpl.invoke(DelegatingMethodAccessorImpl.java:43) ~[?:?]
	at java.lang.reflect.Method.invoke(Method.java:566) ~[?:?]
	at org.springframework.scheduling.support.ScheduledMethodRunnable.run(ScheduledMethodRunnable.java:84) [spring-context-5.2.2.RELEASE.jar:5.2.2.RELEASE]
	at org.springframework.scheduling.support.DelegatingErrorHandlingRunnable.run(DelegatingErrorHandlingRunnable.java:54) [spring-context-5.2.2.RELEASE.jar:5.2.2.RELEASE]
	at org.springframework.scheduling.concurrent.ReschedulingRunnable.run(ReschedulingRunnable.java:93) [spring-context-5.2.2.RELEASE.jar:5.2.2.RELEASE]
	at java.util.concurrent.Executors$RunnableAdapter.call(Executors.java:515) [?:?]
	at java.util.concurrent.FutureTask.run(FutureTask.java:264) [?:?]
	at java.util.concurrent.ScheduledThreadPoolExecutor$ScheduledFutureTask.run(ScheduledThreadPoolExecutor.java:304) [?:?]
	at java.util.concurrent.ThreadPoolExecutor.runWorker(ThreadPoolExecutor.java:1128) [?:?]
	at java.util.concurrent.ThreadPoolExecutor$Worker.run(ThreadPoolExecutor.java:628) [?:?]
	at java.lang.Thread.run(Thread.java:834) [?:?]
Caused by: javax.mail.AuthenticationFailedException: 550 User has no permission

	at com.sun.mail.smtp.SMTPTransport$Authenticator.authenticate(SMTPTransport.java:947) ~[jakarta.mail-1.6.4.jar:1.6.4]
	at com.sun.mail.smtp.SMTPTransport.authenticate(SMTPTransport.java:858) ~[jakarta.mail-1.6.4.jar:1.6.4]
	at com.sun.mail.smtp.SMTPTransport.protocolConnect(SMTPTransport.java:762) ~[jakarta.mail-1.6.4.jar:1.6.4]
	at javax.mail.Service.connect(Service.java:342) ~[jakarta.mail-1.6.4.jar:1.6.4]
	at org.springframework.mail.javamail.JavaMailSenderImpl.connectTransport(JavaMailSenderImpl.java:518) ~[spring-context-support-5.2.2.RELEASE.jar:5.2.2.RELEASE]
	at org.springframework.mail.javamail.JavaMailSenderImpl.doSend(JavaMailSenderImpl.java:437) ~[spring-context-support-5.2.2.RELEASE.jar:5.2.2.RELEASE]
	... 16 more
[09:12:50:528] [INFO] - com.steve.springboot.quartz.SendMailQuartz.reportCurrentByCron(SendMailQuartz.java:47) - 定时器运行了!!!
[09:12:55:686] [ERROR] - com.steve.springboot.mail.impl.SendJunkMailServiceImpl.sendJunkMail(SendJunkMailServiceImpl.java:55) - sendJunkMail error and ayUser=%s
org.springframework.mail.MailAuthenticationException: Authentication failed; nested exception is javax.mail.AuthenticationFailedException: 550 User has no permission

	at org.springframework.mail.javamail.JavaMailSenderImpl.doSend(JavaMailSenderImpl.java:440) ~[spring-context-support-5.2.2.RELEASE.jar:5.2.2.RELEASE]
	at org.springframework.mail.javamail.JavaMailSenderImpl.send(JavaMailSenderImpl.java:361) ~[spring-context-support-5.2.2.RELEASE.jar:5.2.2.RELEASE]
	at org.springframework.mail.javamail.JavaMailSenderImpl.send(JavaMailSenderImpl.java:356) ~[spring-context-support-5.2.2.RELEASE.jar:5.2.2.RELEASE]
	at com.steve.springboot.mail.impl.SendJunkMailServiceImpl.sendJunkMail(SendJunkMailServiceImpl.java:52) [classes/:?]
	at com.steve.springboot.quartz.SendMailQuartz.reportCurrentByCron(SendMailQuartz.java:46) [classes/:?]
	at jdk.internal.reflect.GeneratedMethodAccessor55.invoke(Unknown Source) ~[?:?]
	at jdk.internal.reflect.DelegatingMethodAccessorImpl.invoke(DelegatingMethodAccessorImpl.java:43) ~[?:?]
	at java.lang.reflect.Method.invoke(Method.java:566) ~[?:?]
	at org.springframework.scheduling.support.ScheduledMethodRunnable.run(ScheduledMethodRunnable.java:84) [spring-context-5.2.2.RELEASE.jar:5.2.2.RELEASE]
	at org.springframework.scheduling.support.DelegatingErrorHandlingRunnable.run(DelegatingErrorHandlingRunnable.java:54) [spring-context-5.2.2.RELEASE.jar:5.2.2.RELEASE]
	at org.springframework.scheduling.concurrent.ReschedulingRunnable.run(ReschedulingRunnable.java:93) [spring-context-5.2.2.RELEASE.jar:5.2.2.RELEASE]
	at java.util.concurrent.Executors$RunnableAdapter.call(Executors.java:515) [?:?]
	at java.util.concurrent.FutureTask.run(FutureTask.java:264) [?:?]
	at java.util.concurrent.ScheduledThreadPoolExecutor$ScheduledFutureTask.run(ScheduledThreadPoolExecutor.java:304) [?:?]
	at java.util.concurrent.ThreadPoolExecutor.runWorker(ThreadPoolExecutor.java:1128) [?:?]
	at java.util.concurrent.ThreadPoolExecutor$Worker.run(ThreadPoolExecutor.java:628) [?:?]
	at java.lang.Thread.run(Thread.java:834) [?:?]
Caused by: javax.mail.AuthenticationFailedException: 550 User has no permission

	at com.sun.mail.smtp.SMTPTransport$Authenticator.authenticate(SMTPTransport.java:947) ~[jakarta.mail-1.6.4.jar:1.6.4]
	at com.sun.mail.smtp.SMTPTransport.authenticate(SMTPTransport.java:858) ~[jakarta.mail-1.6.4.jar:1.6.4]
	at com.sun.mail.smtp.SMTPTransport.protocolConnect(SMTPTransport.java:762) ~[jakarta.mail-1.6.4.jar:1.6.4]
	at javax.mail.Service.connect(Service.java:342) ~[jakarta.mail-1.6.4.jar:1.6.4]
	at org.springframework.mail.javamail.JavaMailSenderImpl.connectTransport(JavaMailSenderImpl.java:518) ~[spring-context-support-5.2.2.RELEASE.jar:5.2.2.RELEASE]
	at org.springframework.mail.javamail.JavaMailSenderImpl.doSend(JavaMailSenderImpl.java:437) ~[spring-context-support-5.2.2.RELEASE.jar:5.2.2.RELEASE]
	... 16 more
[09:12:55:688] [INFO] - com.steve.springboot.quartz.SendMailQuartz.reportCurrentByCron(SendMailQuartz.java:47) - 定时器运行了!!!
[09:13:00:019] [INFO] - com.steve.springboot.quartz.TestTask.run(TestTask.java:16) - 定时器运行了!!!
[09:13:00:662] [ERROR] - com.steve.springboot.mail.impl.SendJunkMailServiceImpl.sendJunkMail(SendJunkMailServiceImpl.java:55) - sendJunkMail error and ayUser=%s
org.springframework.mail.MailAuthenticationException: Authentication failed; nested exception is javax.mail.AuthenticationFailedException: 550 User has no permission

	at org.springframework.mail.javamail.JavaMailSenderImpl.doSend(JavaMailSenderImpl.java:440) ~[spring-context-support-5.2.2.RELEASE.jar:5.2.2.RELEASE]
	at org.springframework.mail.javamail.JavaMailSenderImpl.send(JavaMailSenderImpl.java:361) ~[spring-context-support-5.2.2.RELEASE.jar:5.2.2.RELEASE]
	at org.springframework.mail.javamail.JavaMailSenderImpl.send(JavaMailSenderImpl.java:356) ~[spring-context-support-5.2.2.RELEASE.jar:5.2.2.RELEASE]
	at com.steve.springboot.mail.impl.SendJunkMailServiceImpl.sendJunkMail(SendJunkMailServiceImpl.java:52) [classes/:?]
	at com.steve.springboot.quartz.SendMailQuartz.reportCurrentByCron(SendMailQuartz.java:46) [classes/:?]
	at jdk.internal.reflect.GeneratedMethodAccessor55.invoke(Unknown Source) ~[?:?]
	at jdk.internal.reflect.DelegatingMethodAccessorImpl.invoke(DelegatingMethodAccessorImpl.java:43) ~[?:?]
	at java.lang.reflect.Method.invoke(Method.java:566) ~[?:?]
	at org.springframework.scheduling.support.ScheduledMethodRunnable.run(ScheduledMethodRunnable.java:84) [spring-context-5.2.2.RELEASE.jar:5.2.2.RELEASE]
	at org.springframework.scheduling.support.DelegatingErrorHandlingRunnable.run(DelegatingErrorHandlingRunnable.java:54) [spring-context-5.2.2.RELEASE.jar:5.2.2.RELEASE]
	at org.springframework.scheduling.concurrent.ReschedulingRunnable.run(ReschedulingRunnable.java:93) [spring-context-5.2.2.RELEASE.jar:5.2.2.RELEASE]
	at java.util.concurrent.Executors$RunnableAdapter.call(Executors.java:515) [?:?]
	at java.util.concurrent.FutureTask.run(FutureTask.java:264) [?:?]
	at java.util.concurrent.ScheduledThreadPoolExecutor$ScheduledFutureTask.run(ScheduledThreadPoolExecutor.java:304) [?:?]
	at java.util.concurrent.ThreadPoolExecutor.runWorker(ThreadPoolExecutor.java:1128) [?:?]
	at java.util.concurrent.ThreadPoolExecutor$Worker.run(ThreadPoolExecutor.java:628) [?:?]
	at java.lang.Thread.run(Thread.java:834) [?:?]
Caused by: javax.mail.AuthenticationFailedException: 550 User has no permission

	at com.sun.mail.smtp.SMTPTransport$Authenticator.authenticate(SMTPTransport.java:947) ~[jakarta.mail-1.6.4.jar:1.6.4]
	at com.sun.mail.smtp.SMTPTransport.authenticate(SMTPTransport.java:858) ~[jakarta.mail-1.6.4.jar:1.6.4]
	at com.sun.mail.smtp.SMTPTransport.protocolConnect(SMTPTransport.java:762) ~[jakarta.mail-1.6.4.jar:1.6.4]
	at javax.mail.Service.connect(Service.java:342) ~[jakarta.mail-1.6.4.jar:1.6.4]
	at org.springframework.mail.javamail.JavaMailSenderImpl.connectTransport(JavaMailSenderImpl.java:518) ~[spring-context-support-5.2.2.RELEASE.jar:5.2.2.RELEASE]
	at org.springframework.mail.javamail.JavaMailSenderImpl.doSend(JavaMailSenderImpl.java:437) ~[spring-context-support-5.2.2.RELEASE.jar:5.2.2.RELEASE]
	... 16 more
[09:13:00:664] [INFO] - com.steve.springboot.quartz.SendMailQuartz.reportCurrentByCron(SendMailQuartz.java:47) - 定时器运行了!!!
[09:13:05:549] [ERROR] - com.steve.springboot.mail.impl.SendJunkMailServiceImpl.sendJunkMail(SendJunkMailServiceImpl.java:55) - sendJunkMail error and ayUser=%s
org.springframework.mail.MailAuthenticationException: Authentication failed; nested exception is javax.mail.AuthenticationFailedException: 550 User has no permission

	at org.springframework.mail.javamail.JavaMailSenderImpl.doSend(JavaMailSenderImpl.java:440) ~[spring-context-support-5.2.2.RELEASE.jar:5.2.2.RELEASE]
	at org.springframework.mail.javamail.JavaMailSenderImpl.send(JavaMailSenderImpl.java:361) ~[spring-context-support-5.2.2.RELEASE.jar:5.2.2.RELEASE]
	at org.springframework.mail.javamail.JavaMailSenderImpl.send(JavaMailSenderImpl.java:356) ~[spring-context-support-5.2.2.RELEASE.jar:5.2.2.RELEASE]
	at com.steve.springboot.mail.impl.SendJunkMailServiceImpl.sendJunkMail(SendJunkMailServiceImpl.java:52) [classes/:?]
	at com.steve.springboot.quartz.SendMailQuartz.reportCurrentByCron(SendMailQuartz.java:46) [classes/:?]
	at jdk.internal.reflect.GeneratedMethodAccessor55.invoke(Unknown Source) ~[?:?]
	at jdk.internal.reflect.DelegatingMethodAccessorImpl.invoke(DelegatingMethodAccessorImpl.java:43) ~[?:?]
	at java.lang.reflect.Method.invoke(Method.java:566) ~[?:?]
	at org.springframework.scheduling.support.ScheduledMethodRunnable.run(ScheduledMethodRunnable.java:84) [spring-context-5.2.2.RELEASE.jar:5.2.2.RELEASE]
	at org.springframework.scheduling.support.DelegatingErrorHandlingRunnable.run(DelegatingErrorHandlingRunnable.java:54) [spring-context-5.2.2.RELEASE.jar:5.2.2.RELEASE]
	at org.springframework.scheduling.concurrent.ReschedulingRunnable.run(ReschedulingRunnable.java:93) [spring-context-5.2.2.RELEASE.jar:5.2.2.RELEASE]
	at java.util.concurrent.Executors$RunnableAdapter.call(Executors.java:515) [?:?]
	at java.util.concurrent.FutureTask.run(FutureTask.java:264) [?:?]
	at java.util.concurrent.ScheduledThreadPoolExecutor$ScheduledFutureTask.run(ScheduledThreadPoolExecutor.java:304) [?:?]
	at java.util.concurrent.ThreadPoolExecutor.runWorker(ThreadPoolExecutor.java:1128) [?:?]
	at java.util.concurrent.ThreadPoolExecutor$Worker.run(ThreadPoolExecutor.java:628) [?:?]
	at java.lang.Thread.run(Thread.java:834) [?:?]
Caused by: javax.mail.AuthenticationFailedException: 550 User has no permission

	at com.sun.mail.smtp.SMTPTransport$Authenticator.authenticate(SMTPTransport.java:947) ~[jakarta.mail-1.6.4.jar:1.6.4]
	at com.sun.mail.smtp.SMTPTransport.authenticate(SMTPTransport.java:858) ~[jakarta.mail-1.6.4.jar:1.6.4]
	at com.sun.mail.smtp.SMTPTransport.protocolConnect(SMTPTransport.java:762) ~[jakarta.mail-1.6.4.jar:1.6.4]
	at javax.mail.Service.connect(Service.java:342) ~[jakarta.mail-1.6.4.jar:1.6.4]
	at org.springframework.mail.javamail.JavaMailSenderImpl.connectTransport(JavaMailSenderImpl.java:518) ~[spring-context-support-5.2.2.RELEASE.jar:5.2.2.RELEASE]
	at org.springframework.mail.javamail.JavaMailSenderImpl.doSend(JavaMailSenderImpl.java:437) ~[spring-context-support-5.2.2.RELEASE.jar:5.2.2.RELEASE]
	... 16 more
[09:13:05:552] [INFO] - com.steve.springboot.quartz.SendMailQuartz.reportCurrentByCron(SendMailQuartz.java:47) - 定时器运行了!!!
[09:30:27:109] [INFO] - org.springframework.boot.StartupInfoLogger.logStarting(StartupInfoLogger.java:55) - Starting Springboot01Application on SteveKung-PC with PID 116872 (F:\java_workspace\springboot01\target\classes started by SteveKung in F:\java_workspace\springboot01)
[09:30:27:361] [INFO] - org.springframework.boot.SpringApplication.logStartupProfileInfo(SpringApplication.java:651) - No active profile set, falling back to default profiles: default
[09:30:33:942] [INFO] - org.springframework.data.repository.config.RepositoryConfigurationDelegate.multipleStoresDetected(RepositoryConfigurationDelegate.java:249) - Multiple Spring Data modules found, entering strict repository configuration mode!
[09:30:33:971] [INFO] - org.springframework.data.repository.config.RepositoryConfigurationDelegate.registerRepositoriesIn(RepositoryConfigurationDelegate.java:127) - Bootstrapping Spring Data JPA repositories in DEFAULT mode.
[09:30:34:524] [INFO] - org.springframework.data.repository.config.RepositoryConfigurationDelegate.registerRepositoriesIn(RepositoryConfigurationDelegate.java:187) - Finished Spring Data repository scanning in 475ms. Found 1 JPA repository interfaces.
[09:30:34:690] [INFO] - org.springframework.data.repository.config.RepositoryConfigurationDelegate.multipleStoresDetected(RepositoryConfigurationDelegate.java:249) - Multiple Spring Data modules found, entering strict repository configuration mode!
[09:30:34:706] [INFO] - org.springframework.data.repository.config.RepositoryConfigurationDelegate.registerRepositoriesIn(RepositoryConfigurationDelegate.java:127) - Bootstrapping Spring Data Redis repositories in DEFAULT mode.
[09:30:34:837] [INFO] - org.springframework.data.repository.config.RepositoryConfigurationExtensionSupport.isStrictRepositoryCandidate(RepositoryConfigurationExtensionSupport.java:348) - Spring Data Redis - Could not safely identify store assignment for repository candidate interface com.steve.springboot.repository.AyUserRepository. If you want this repository to be a Redis repository, consider annotating your entities with one of these annotations: org.springframework.data.redis.core.RedisHash (preferred), or consider extending one of the following types with your repository: org.springframework.data.keyvalue.repository.KeyValueRepository.
[09:30:34:839] [INFO] - org.springframework.data.repository.config.RepositoryConfigurationDelegate.registerRepositoriesIn(RepositoryConfigurationDelegate.java:187) - Finished Spring Data repository scanning in 19ms. Found 0 Redis repository interfaces.
[09:30:36:794] [INFO] - org.springframework.context.support.PostProcessorRegistrationDelegate$BeanPostProcessorChecker.postProcessAfterInitialization(PostProcessorRegistrationDelegate.java:330) - Bean 'org.springframework.transaction.annotation.ProxyTransactionManagementConfiguration' of type [org.springframework.transaction.annotation.ProxyTransactionManagementConfiguration] is not eligible for getting processed by all BeanPostProcessors (for example: not eligible for auto-proxying)
[09:30:38:497] [INFO] - org.springframework.boot.web.embedded.tomcat.TomcatWebServer.initialize(TomcatWebServer.java:92) - Tomcat initialized with port(s): 8080 (http)
[09:30:38:560] [INFO] - org.apache.juli.logging.DirectJDKLog.log(DirectJDKLog.java:173) - Initializing ProtocolHandler ["http-nio-8080"]
[09:30:38:563] [INFO] - org.apache.juli.logging.DirectJDKLog.log(DirectJDKLog.java:173) - Starting service [Tomcat]
[09:30:38:568] [INFO] - org.apache.juli.logging.DirectJDKLog.log(DirectJDKLog.java:173) - Starting Servlet engine: [Apache Tomcat/9.0.29]
[09:30:39:420] [INFO] - org.apache.juli.logging.DirectJDKLog.log(DirectJDKLog.java:173) - Initializing Spring embedded WebApplicationContext
[09:30:39:421] [INFO] - org.springframework.boot.web.servlet.context.ServletWebServerApplicationContext.prepareWebApplicationContext(ServletWebServerApplicationContext.java:284) - Root WebApplicationContext: initialization completed in 11625 ms
[09:30:43:091] [ERROR] - com.alibaba.druid.pool.DruidDataSource.validationQueryCheck(DruidDataSource.java:795) - testWhileIdle is true, validationQuery not set
[09:30:43:131] [INFO] - com.alibaba.druid.pool.DruidDataSource.init(DruidDataSource.java:655) - {dataSource-1} inited
[09:30:45:410] [INFO] - org.hibernate.jpa.internal.util.LogHelper.logPersistenceUnitInformation(LogHelper.java:31) - HHH000204: Processing PersistenceUnitInfo [name: default]
[09:30:46:105] [INFO] - org.hibernate.Version.logVersion(Version.java:46) - HHH000412: Hibernate Core {5.4.9.Final}
[09:30:47:187] [INFO] - org.hibernate.annotations.common.reflection.java.JavaReflectionManager.<clinit>(JavaReflectionManager.java:49) - HCANN000001: Hibernate Commons Annotations {5.1.0.Final}
[09:30:48:094] [INFO] - org.hibernate.dialect.Dialect.<init>(Dialect.java:172) - HHH000400: Using dialect: org.hibernate.dialect.MySQL8Dialect
[09:30:51:943] [INFO] - org.hibernate.engine.transaction.jta.platform.internal.JtaPlatformInitiator.initiateService(JtaPlatformInitiator.java:52) - HHH000490: Using JtaPlatform implementation: [org.hibernate.engine.transaction.jta.platform.internal.NoJtaPlatform]
[09:30:52:011] [INFO] - org.springframework.orm.jpa.AbstractEntityManagerFactoryBean.buildNativeEntityManagerFactory(AbstractEntityManagerFactoryBean.java:416) - Initialized JPA EntityManagerFactory for persistence unit 'default'
[09:30:54:016] [INFO] - com.steve.springboot.listener.AyUserListener.contextInitialized(AyUserListener.java:42) - ServletContext 上下文初始化
[09:30:56:251] [INFO] - io.lettuce.core.EpollProvider.<clinit>(EpollProvider.java:68) - Starting without optional epoll library
[09:30:56:268] [INFO] - io.lettuce.core.KqueueProvider.<clinit>(KqueueProvider.java:70) - Starting without optional kqueue library
[09:30:58:316] [INFO] - com.steve.springboot.listener.AyUserListener.contextInitialized(AyUserListener.java:53) - 缓存中目前的用户数有：4人
[09:30:58:317] [INFO] - com.steve.springboot.listener.AyUserListener.contextInitialized(AyUserListener.java:55) - 用于统计人数
[09:30:58:910] [INFO] - org.quartz.impl.StdSchedulerFactory.instantiate(StdSchedulerFactory.java:1220) - Using default implementation for ThreadExecutor
[09:30:58:974] [INFO] - org.quartz.core.SchedulerSignalerImpl.<init>(SchedulerSignalerImpl.java:61) - Initialized Scheduler Signaller of type: class org.quartz.core.SchedulerSignalerImpl
[09:30:58:975] [INFO] - org.quartz.core.QuartzScheduler.<init>(QuartzScheduler.java:229) - Quartz Scheduler v.2.3.2 created.
[09:30:58:978] [INFO] - org.quartz.simpl.RAMJobStore.initialize(RAMJobStore.java:155) - RAMJobStore initialized.
[09:30:58:981] [INFO] - org.quartz.core.QuartzScheduler.initialize(QuartzScheduler.java:294) - Scheduler meta-data: Quartz Scheduler (v2.3.2) 'scheduler' with instanceId 'NON_CLUSTERED'
  Scheduler class: 'org.quartz.core.QuartzScheduler' - running locally.
  NOT STARTED.
  Currently in standby mode.
  Number of jobs executed: 0
  Using thread pool 'org.quartz.simpl.SimpleThreadPool' - with 10 threads.
  Using job-store 'org.quartz.simpl.RAMJobStore' - which does not support persistence. and is not clustered.

[09:30:58:983] [INFO] - org.quartz.impl.StdSchedulerFactory.instantiate(StdSchedulerFactory.java:1374) - Quartz scheduler 'scheduler' initialized from an externally provided properties instance.
[09:30:58:984] [INFO] - org.quartz.impl.StdSchedulerFactory.instantiate(StdSchedulerFactory.java:1378) - Quartz scheduler version: 2.3.2
[09:30:58:990] [INFO] - org.quartz.core.QuartzScheduler.setJobFactory(QuartzScheduler.java:2293) - JobFactory set to: org.springframework.scheduling.quartz.AdaptableJobFactory@1f3dafd4
[09:30:59:334] [WARN] - org.springframework.boot.autoconfigure.orm.jpa.JpaBaseConfiguration$JpaWebConfiguration.openEntityManagerInViewInterceptor(JpaBaseConfiguration.java:220) - spring.jpa.open-in-view is enabled by default. Therefore, database queries may be performed during view rendering. Explicitly configure spring.jpa.open-in-view to disable this warning
[09:30:59:955] [INFO] - org.springframework.scheduling.concurrent.ExecutorConfigurationSupport.initialize(ExecutorConfigurationSupport.java:171) - Initializing ExecutorService 'applicationTaskExecutor'
[09:31:00:443] [WARN] - org.thymeleaf.templatemode.TemplateMode.parse(TemplateMode.java:150) - [THYMELEAF][main] Template Mode 'HTML5' is deprecated. Using Template Mode 'HTML' instead.
[09:31:00:988] [INFO] - org.springframework.scheduling.concurrent.ExecutorConfigurationSupport.initialize(ExecutorConfigurationSupport.java:171) - Initializing ExecutorService 'taskScheduler'
[09:31:01:059] [INFO] - org.springframework.scheduling.quartz.SchedulerFactoryBean.startScheduler(SchedulerFactoryBean.java:727) - Starting Quartz Scheduler now
[09:31:01:059] [INFO] - org.quartz.core.QuartzScheduler.start(QuartzScheduler.java:547) - Scheduler scheduler_$_NON_CLUSTERED started.
[09:31:01:086] [INFO] - org.apache.juli.logging.DirectJDKLog.log(DirectJDKLog.java:173) - Starting ProtocolHandler ["http-nio-8080"]
[09:31:01:121] [INFO] - com.steve.springboot.quartz.TestTask.run(TestTask.java:16) - 定时器运行了!!!
[09:31:01:148] [INFO] - org.springframework.boot.web.embedded.tomcat.TomcatWebServer.start(TomcatWebServer.java:204) - Tomcat started on port(s): 8080 (http) with context path ''
[09:31:01:153] [INFO] - org.springframework.boot.StartupInfoLogger.logStarted(StartupInfoLogger.java:61) - Started Springboot01Application in 36.717 seconds (JVM running for 56.654)
[09:31:09:546] [INFO] - com.steve.springboot.quartz.SendMailQuartz.reportCurrentByCron(SendMailQuartz.java:47) - 定时器运行了!!!
[09:31:10:019] [INFO] - com.steve.springboot.quartz.TestTask.run(TestTask.java:16) - 定时器运行了!!!
[09:31:13:193] [INFO] - com.steve.springboot.quartz.SendMailQuartz.reportCurrentByCron(SendMailQuartz.java:47) - 定时器运行了!!!
[09:31:18:076] [INFO] - com.steve.springboot.quartz.SendMailQuartz.reportCurrentByCron(SendMailQuartz.java:47) - 定时器运行了!!!
[09:31:20:017] [INFO] - com.steve.springboot.quartz.TestTask.run(TestTask.java:16) - 定时器运行了!!!
